<?xml version="1.0" encoding="UTF-8"?>
<!-- Generated by org.testng.reporters.JUnitXMLReporter -->
<testsuite ignored="0" hostname="DESKTOP-38Q9L5G" failures="0" tests="15" name="Active and Inactive user via API and UI" time="50.885" errors="0" timestamp="2025-08-25T15:19:20 IST">
  <testcase classname="tests.ActiveInactiveUserHybridTest" name="createOrderAPI" time="1.922"/>
  <testcase classname="tests.ActiveInactiveUserHybridTest" name="verifyOrderInUI" time="12.222"/>
  <testcase classname="tests.ActiveInactiveUserHybridTest" name="splitOrder" time="0.204"/>
  <testcase classname="tests.ActiveInactiveUserHybridTest" name="updateTAT" time="1.88"/>
  <testcase classname="tests.ActiveInactiveUserHybridTest" name="addAndAssignUsers" time="1.189"/>
  <testcase classname="tests.ActiveInactiveUserHybridTest" name="switchToAssignedUser" time="0.483"/>
  <testcase classname="tests.ActiveInactiveUserHybridTest" name="completeStagesWithRemarksAndAttachments" time="8.467"/>
  <testcase classname="tests.ActiveInactiveUserHybridTest" name="switchToAdmin" time="0.403"/>
  <testcase classname="tests.ActiveInactiveUserHybridTest" name="verifyOrderInUICompleted" time="12.018"/>
  <testcase classname="tests.ActiveInactiveUserHybridTest" name="deactivateUser" time="0.171"/>
  <testcase classname="tests.ActiveInactiveUserHybridTest" name="verifyDeactivatedUserIsInInactiveList" time="0.132"/>
  <testcase classname="tests.ActiveInactiveUserHybridTest" name="verifyOrderInactiveUserViaUI" time="5.866"/>
  <testcase classname="tests.ActiveInactiveUserHybridTest" name="switchToAssigneeDeactivated" time="0.412"/>
  <testcase classname="tests.ActiveInactiveUserHybridTest" name="switchToAdminForActivationUser" time="0.47"/>
  <testcase classname="tests.ActiveInactiveUserHybridTest" name="activateUser" time="0.14"/>
</testsuite> <!-- Active and Inactive user via API and UI -->
