<?xml version="1.0" encoding="UTF-8"?>
<!-- Generated by org.testng.reporters.JUnitXMLReporter -->
<testsuite ignored="0" hostname="DESKTOP-38Q9L5G" failures="0" tests="9" name="Admin Order Flow - Workflow Open Stages" time="119.308" errors="0" timestamp="2025-09-09T11:53:13 IST">
  <testcase classname="tests.WorkflowOpenStagesTest" name="workflowOpenForAllStages" time="95.602"/>
  <testcase classname="tests.WorkflowOpenAPITest" name="createOrder" time="4.087"/>
  <testcase classname="tests.WorkflowOpenAPITest" name="splitOrder" time="0.102"/>
  <testcase classname="tests.WorkflowOpenAPITest" name="updateTAT" time="6.238"/>
  <testcase classname="tests.WorkflowOpenAPITest" name="addAndAssignUsers" time="1.827"/>
  <testcase classname="tests.WorkflowOpenAPITest" name="addRemarks" time="0.427"/>
  <testcase classname="tests.WorkflowOpenAPITest" name="addAttachments" time="0.436"/>
  <testcase classname="tests.WorkflowOpenAPITest" name="completeStages" time="2.783"/>
  <testcase classname="tests.WorkflowOpenAPITest" name="verifyCompletion" time="3.899"/>
</testsuite> <!-- Admin Order Flow - Workflow Open Stages -->
