<?xml version="1.0" encoding="UTF-8"?>
<!-- Generated by org.testng.reporters.JUnitXMLReporter -->
<testsuite ignored="0" hostname="DESKTOP-38Q9L5G" failures="0" tests="9" name="Admin Order Flow - Workflow Mix Stages" time="188.019" errors="0" timestamp="2025-08-13T10:56:52 IST">
  <testcase classname="tests.WorkflowMixStagesTest" name="workflowOpenForAllStages" time="160.226"/>
  <testcase classname="tests.WorkflowMixStagesAPITest" name="createOrder" time="4.449"/>
  <testcase classname="tests.WorkflowMixStagesAPITest" name="splitOrder" time="0.13"/>
  <testcase classname="tests.WorkflowMixStagesAPITest" name="updateTAT" time="7.496"/>
  <testcase classname="tests.WorkflowMixStagesAPITest" name="addAndAssignUsers" time="2.151"/>
  <testcase classname="tests.WorkflowMixStagesAPITest" name="addRemarks" time="1.232"/>
  <testcase classname="tests.WorkflowMixStagesAPITest" name="addAttachments" time="1.206"/>
  <testcase classname="tests.WorkflowMixStagesAPITest" name="completeStages" time="4.458"/>
  <testcase classname="tests.WorkflowMixStagesAPITest" name="verifyCompletion" time="3.412"/>
</testsuite> <!-- Admin Order Flow - Workflow Mix Stages -->
