<?xml version="1.0" encoding="UTF-8"?>
<!-- Generated by org.testng.reporters.JUnitXMLReporter -->
<testsuite ignored="0" hostname="DESKTOP-38Q9L5G" failures="0" tests="9" name="Admin Order Flow with Workflow Open" time="127.578" errors="0" timestamp="2025-09-09T11:26:09 IST">
  <testcase classname="tests.WorkflowCloseStagesTest" name="workflowCloseForAllStages" time="103.604"/>
  <testcase classname="tests.WorkflowCloseStagesAPITest" name="createOrder" time="4.057"/>
  <testcase classname="tests.WorkflowCloseStagesAPITest" name="splitOrder" time="0.1"/>
  <testcase classname="tests.WorkflowCloseStagesAPITest" name="updateTAT" time="3.083"/>
  <testcase classname="tests.WorkflowCloseStagesAPITest" name="addAndAssignUsers" time="1.076"/>
  <testcase classname="tests.WorkflowCloseStagesAPITest" name="addRemarks" time="0.643"/>
  <testcase classname="tests.WorkflowCloseStagesAPITest" name="addAttachments" time="0.653"/>
  <testcase classname="tests.WorkflowCloseStagesAPITest" name="completeStages" time="3.233"/>
  <testcase classname="tests.WorkflowCloseStagesAPITest" name="verifyCompletion" time="7.602"/>
</testsuite> <!-- Admin Order Flow with Workflow Open -->
