<?xml version="1.0" encoding="UTF-8"?>
<!-- Generated by org.testng.reporters.JUnitXMLReporter -->
<testsuite ignored="0" hostname="DESKTOP-38Q9L5G" failures="0" tests="9" name="Admin Order Flow - Workflow Mix Stages" time="191.346" errors="0" timestamp="2025-08-25T15:16:29 IST">
  <testcase classname="tests.WorkflowMixStagesTest" name="workflowOpenForAllStages" time="160.319"/>
  <testcase classname="tests.WorkflowMixStagesAPITest" name="createOrder" time="6.334"/>
  <testcase classname="tests.WorkflowMixStagesAPITest" name="splitOrder" time="0.129"/>
  <testcase classname="tests.WorkflowMixStagesAPITest" name="updateTAT" time="7.494"/>
  <testcase classname="tests.WorkflowMixStagesAPITest" name="addAndAssignUsers" time="2.397"/>
  <testcase classname="tests.WorkflowMixStagesAPITest" name="addRemarks" time="1.357"/>
  <testcase classname="tests.WorkflowMixStagesAPITest" name="addAttachments" time="1.156"/>
  <testcase classname="tests.WorkflowMixStagesAPITest" name="completeStages" time="4.586"/>
  <testcase classname="tests.WorkflowMixStagesAPITest" name="verifyCompletion" time="4.449"/>
</testsuite> <!-- Admin Order Flow - Workflow Mix Stages -->
