<?xml version="1.0" encoding="UTF-8"?>
<!-- Generated by org.testng.reporters.JUnitXMLReporter -->
<testsuite ignored="0" hostname="DESKTOP-38Q9L5G" failures="0" tests="9" name="Admin Order Flow - Workflow Open Stages" time="113.984" errors="0" timestamp="2025-08-13T10:53:44 IST">
  <testcase classname="tests.WorkflowOpenStagesTest" name="workflowOpenForAllStages" time="91.615"/>
  <testcase classname="tests.WorkflowOpenAPITest" name="createOrder" time="4.297"/>
  <testcase classname="tests.WorkflowOpenAPITest" name="splitOrder" time="0.13"/>
  <testcase classname="tests.WorkflowOpenAPITest" name="updateTAT" time="5.727"/>
  <testcase classname="tests.WorkflowOpenAPITest" name="addAndAssignUsers" time="0.824"/>
  <testcase classname="tests.WorkflowOpenAPITest" name="addRemarks" time="0.606"/>
  <testcase classname="tests.WorkflowOpenAPITest" name="addAttachments" time="0.498"/>
  <testcase classname="tests.WorkflowOpenAPITest" name="completeStages" time="2.912"/>
  <testcase classname="tests.WorkflowOpenAPITest" name="verifyCompletion" time="4.051"/>
</testsuite> <!-- Admin Order Flow - Workflow Open Stages -->
