<?xml version="1.0" encoding="UTF-8"?>
<!-- Generated by org.testng.reporters.JUnitXMLReporter -->
<testsuite ignored="0" hostname="DESKTOP-38Q9L5G" failures="0" tests="6" name="API - Admin Reject Flow" time="12.041" errors="0" timestamp="2025-08-05T09:55:40 IST">
  <testcase classname="tests.AdminOrderRejectFlowTest" name="createOrder" time="2.469"/>
  <testcase classname="tests.AdminOrderRejectFlowTest" name="splitOrder" time="0.137"/>
  <testcase classname="tests.AdminOrderRejectFlowTest" name="updateTAT" time="2.265"/>
  <testcase classname="tests.AdminOrderRejectFlowTest" name="addAndAssignUsers" time="2.219"/>
  <testcase classname="tests.AdminOrderRejectFlowTest" name="completeStages" time="2.372"/>
  <testcase classname="tests.AdminOrderRejectFlowTest" name="verifyRejectOrder" time="2.179"/>
</testsuite> <!-- API - Admin Reject Flow -->
