<?xml version="1.0" encoding="UTF-8"?>
<!-- Generated by org.testng.reporters.JUnitXMLReporter -->
<testsuite ignored="0" hostname="DESKTOP-38Q9L5G" failures="0" tests="11" name="API - Admin Order with Split Flow" time="11.594" errors="0" timestamp="2025-09-09T11:48:52 IST">
  <testcase classname="tests.AdminSplitOrderFlowTest" name="createOrder" time="0.837"/>
  <testcase classname="tests.AdminSplitOrderFlowTest" name="downloadcompleteOnTimeReportTest" time="0.845"/>
  <testcase classname="tests.AdminSplitOrderFlowTest" name="downloadcompleteWithDelayReportTest" time="0.18"/>
  <testcase classname="tests.AdminSplitOrderFlowTest" name="splitOrder" time="0.771"/>
  <testcase classname="tests.AdminSplitOrderFlowTest" name="updateTAT" time="0.639"/>
  <testcase classname="tests.AdminSplitOrderFlowTest" name="addAndAssignUsers" time="2.501"/>
  <testcase classname="tests.AdminSplitOrderFlowTest" name="addRemarks" time="0.88"/>
  <testcase classname="tests.AdminSplitOrderFlowTest" name="completeStages" time="1.32"/>
  <testcase classname="tests.AdminSplitOrderFlowTest" name="addAttachments" time="0.746"/>
  <testcase classname="tests.AdminSplitOrderFlowTest" name="verifyCompletion" time="2.372"/>
  <testcase classname="tests.AdminSplitOrderFlowTest" name="updateUser" time="0.133"/>
</testsuite> <!-- API - Admin Order with Split Flow -->
