<?xml version="1.0" encoding="UTF-8"?>
<!-- Generated by org.testng.reporters.JUnitXMLReporter -->
<testsuite ignored="0" hostname="DESKTOP-38Q9L5G" failures="0" tests="8" name="API - Admin Multiple Assignee Flow" time="32.227" errors="0" timestamp="2025-08-26T11:28:45 IST">
  <testcase classname="tests.AdminMultipleAssigneeOrderFlowTest" name="createOrder" time="2.561"/>
  <testcase classname="tests.AdminMultipleAssigneeOrderFlowTest" name="splitOrder" time="0.106"/>
  <testcase classname="tests.AdminMultipleAssigneeOrderFlowTest" name="updateTAT" time="2.605"/>
  <testcase classname="tests.AdminMultipleAssigneeOrderFlowTest" name="createAndAssignMultipleUsers" time="5.151"/>
  <testcase classname="tests.AdminMultipleAssigneeOrderFlowTest" name="addRemarks" time="0.613"/>
  <testcase classname="tests.AdminMultipleAssigneeOrderFlowTest" name="addAttachments" time="0.894"/>
  <testcase classname="tests.AdminMultipleAssigneeOrderFlowTest" name="acceptTermsForAllUsers" time="1.612"/>
  <testcase classname="tests.AdminMultipleAssigneeOrderFlowTest" name="performStageActionsAsMultipleUsers" time="18.129"/>
</testsuite> <!-- API - Admin Multiple Assignee Flow -->
