<?xml version="1.0" encoding="UTF-8"?>
<!-- Generated by org.testng.reporters.JUnitXMLReporter -->
<testsuite ignored="0" hostname="DESKTOP-38Q9L5G" failures="0" tests="9" name="API - Admin Asignee Flow" time="19.576" errors="0" timestamp="2025-07-23T14:21:02 IST">
  <testcase classname="tests.AdminAssigneeOrderFlowTest" name="createOrder" time="2.598"/>
  <testcase classname="tests.AdminAssigneeOrderFlowTest" name="splitOrder" time="0.121"/>
  <testcase classname="tests.AdminAssigneeOrderFlowTest" name="updateTAT" time="2.273"/>
  <testcase classname="tests.AdminAssigneeOrderFlowTest" name="addAndAssignUsers" time="2.089"/>
  <testcase classname="tests.AdminAssigneeOrderFlowTest" name="addRemarks" time="0.702"/>
  <testcase classname="tests.AdminAssigneeOrderFlowTest" name="addAttachments" time="0.731"/>
  <testcase classname="tests.AdminAssigneeOrderFlowTest" name="switchToAssignedUser" time="0.408"/>
  <testcase classname="tests.AdminAssigneeOrderFlowTest" name="termAndConditionAssignedUser" time="0.155"/>
  <testcase classname="tests.AdminAssigneeOrderFlowTest" name="completeStagesWithRemarksAndAttachments" time="10.08"/>
</testsuite> <!-- API - Admin Asignee Flow -->
