<?xml version="1.0" encoding="UTF-8"?>
<!-- Generated by org.testng.reporters.JUnitXMLReporter -->
<testsuite ignored="0" hostname="DESKTOP-38Q9L5G" failures="0" tests="9" name="API - Admin Asignee Flow" time="20.768" errors="0" timestamp="2025-07-29T11:32:20 IST">
  <testcase classname="tests.AdminAssigneeOrderFlowTest" name="createOrder" time="2.648"/>
  <testcase classname="tests.AdminAssigneeOrderFlowTest" name="splitOrder" time="0.164"/>
  <testcase classname="tests.AdminAssigneeOrderFlowTest" name="updateTAT" time="2.356"/>
  <testcase classname="tests.AdminAssigneeOrderFlowTest" name="addAndAssignUsers" time="2.816"/>
  <testcase classname="tests.AdminAssigneeOrderFlowTest" name="addRemarks" time="0.848"/>
  <testcase classname="tests.AdminAssigneeOrderFlowTest" name="addAttachments" time="0.821"/>
  <testcase classname="tests.AdminAssigneeOrderFlowTest" name="switchToAssignedUser" time="0.463"/>
  <testcase classname="tests.AdminAssigneeOrderFlowTest" name="termAndConditionAssignedUser" time="0.178"/>
  <testcase classname="tests.AdminAssigneeOrderFlowTest" name="completeStagesWithRemarksAndAttachments" time="10.008"/>
</testsuite> <!-- API - Admin Asignee Flow -->
