<?xml version="1.0" encoding="UTF-8"?>
<!-- Generated by org.testng.reporters.JUnitXMLReporter -->
<testsuite ignored="0" hostname="DESKTOP-38Q9L5G" failures="0" tests="9" name="API - Admin Assignee Flow" time="19.829" errors="0" timestamp="2025-08-25T16:46:28 IST">
  <testcase classname="tests.AdminAssigneeOrderFlowTest" name="createOrder" time="2.544"/>
  <testcase classname="tests.AdminAssigneeOrderFlowTest" name="splitOrder" time="0.142"/>
  <testcase classname="tests.AdminAssigneeOrderFlowTest" name="updateTAT" time="2.31"/>
  <testcase classname="tests.AdminAssigneeOrderFlowTest" name="addAndAssignUsers" time="2.343"/>
  <testcase classname="tests.AdminAssigneeOrderFlowTest" name="addRemarks" time="1.088"/>
  <testcase classname="tests.AdminAssigneeOrderFlowTest" name="addAttachments" time="0.699"/>
  <testcase classname="tests.AdminAssigneeOrderFlowTest" name="switchToAssignedUser" time="0.423"/>
  <testcase classname="tests.AdminAssigneeOrderFlowTest" name="termAndConditionAssignedUser" time="0.162"/>
  <testcase classname="tests.AdminAssigneeOrderFlowTest" name="completeStagesWithRemarksAndAttachments" time="9.692"/>
</testsuite> <!-- API - Admin Assignee Flow -->
