<?xml version="1.0" encoding="UTF-8"?>
<!-- Generated by org.testng.reporters.JUnitXMLReporter -->
<testsuite ignored="0" hostname="DESKTOP-38Q9L5G" failures="0" tests="11" name="API - Admin Order with Split Flow" time="12.357" errors="0" timestamp="2025-08-26T11:27:54 IST">
  <testcase classname="tests.AdminSplitOrderFlowTest" name="createOrder" time="0.659"/>
  <testcase classname="tests.AdminSplitOrderFlowTest" name="downloadcompleteOnTimeReportTest" time="0.743"/>
  <testcase classname="tests.AdminSplitOrderFlowTest" name="downloadcompleteWithDelayReportTest" time="0.216"/>
  <testcase classname="tests.AdminSplitOrderFlowTest" name="splitOrder" time="0.904"/>
  <testcase classname="tests.AdminSplitOrderFlowTest" name="updateTAT" time="0.469"/>
  <testcase classname="tests.AdminSplitOrderFlowTest" name="addAndAssignUsers" time="2.642"/>
  <testcase classname="tests.AdminSplitOrderFlowTest" name="addRemarks" time="1.122"/>
  <testcase classname="tests.AdminSplitOrderFlowTest" name="completeStages" time="1.437"/>
  <testcase classname="tests.AdminSplitOrderFlowTest" name="addAttachments" time="1.019"/>
  <testcase classname="tests.AdminSplitOrderFlowTest" name="verifyCompletion" time="2.356"/>
  <testcase classname="tests.AdminSplitOrderFlowTest" name="updateUser" time="0.364"/>
</testsuite> <!-- API - Admin Order with Split Flow -->
