<?xml version="1.0" encoding="UTF-8"?>
<!-- Generated by org.testng.reporters.JUnitXMLReporter -->
<testsuite ignored="0" hostname="DESKTOP-38Q9L5G" failures="0" tests="11" name="API - Admin Flow" time="20.218" errors="0" timestamp="2025-07-23T14:20:43 IST">
  <testcase classname="tests.AdminOrderFlowTest" name="createOrder" time="2.778"/>
  <testcase classname="tests.AdminOrderFlowTest" name="downloadcompleteOnTimeReportTest" time="0.449"/>
  <testcase classname="tests.AdminOrderFlowTest" name="downloadcompleteWithDelayReportTest" time="0.15"/>
  <testcase classname="tests.AdminOrderFlowTest" name="splitOrder" time="0.136"/>
  <testcase classname="tests.AdminOrderFlowTest" name="updateTAT" time="2.802"/>
  <testcase classname="tests.AdminOrderFlowTest" name="addAndAssignUsers" time="2.83"/>
  <testcase classname="tests.AdminOrderFlowTest" name="addRemarks" time="0.948"/>
  <testcase classname="tests.AdminOrderFlowTest" name="addAttachments" time="0.747"/>
  <testcase classname="tests.AdminOrderFlowTest" name="completeStages" time="3.462"/>
  <testcase classname="tests.AdminOrderFlowTest" name="verifyCompletion" time="2.402"/>
  <testcase classname="tests.AdminOrderFlowTest" name="updateUser" time="0.177"/>
</testsuite> <!-- API - Admin Flow -->
