<?xml version="1.0" encoding="UTF-8"?>
<!-- Generated by org.testng.reporters.JUnitXMLReporter -->
<testsuite ignored="1" hostname="DESKTOP-38Q9L5G" failures="0" tests="1" name="UI - Dashboard After" time="10.585" errors="0" timestamp="2025-09-09T11:27:13 IST">
  <testcase classname="tests.DashboardTest" name="testDashboardCountsAfter" time="7.175"/>
  <testcase classname="tests.DashboardTest" name="testDashboardCountsBefore" time="0.0">
    <ignored/>
  </testcase> <!-- testDashboardCountsBefore -->
</testsuite> <!-- UI - Dashboard After -->
