<?xml version="1.0" encoding="UTF-8"?>
<!-- Generated by org.testng.reporters.JUnitXMLReporter -->
<testsuite ignored="0" hostname="DESKTOP-38Q9L5G" failures="0" tests="8" name="Default test" time="48.525" errors="0" timestamp="2025-08-25T17:47:26 IST">
  <testcase classname="tests.AdminOrderRejectFlowTest" name="createOrder" time="3.158"/>
  <testcase classname="tests.AdminOrderRejectFlowTest" name="verifyOrderInUI" time="12.405"/>
  <testcase classname="tests.AdminOrderRejectFlowTest" name="splitOrder" time="0.126"/>
  <testcase classname="tests.AdminOrderRejectFlowTest" name="updateTAT" time="2.767"/>
  <testcase classname="tests.AdminOrderRejectFlowTest" name="addAndAssignUsers" time="3.069"/>
  <testcase classname="tests.AdminOrderRejectFlowTest" name="completeStages" time="2.4"/>
  <testcase classname="tests.AdminOrderRejectFlowTest" name="verifyRejectOrder" time="2.2"/>
  <testcase classname="tests.AdminOrderRejectFlowTest" name="verifyOrderInUICompleted" time="12.495"/>
</testsuite> <!-- Default test -->
