<?xml version="1.0" encoding="UTF-8"?>
<!-- Generated by org.testng.reporters.JUnitXMLReporter -->
<testsuite ignored="0" hostname="DESKTOP-38Q9L5G" failures="0" tests="12" name="Default test" time="55.21" errors="0" timestamp="2025-09-10T13:24:50 IST">
  <testcase classname="tests.ActiveInactiveUserOnTimeHybridTest" name="createOrderAPI" time="2.748"/>
  <testcase classname="tests.ActiveInactiveUserOnTimeHybridTest" name="verifyOrderInUI" time="13.973"/>
  <testcase classname="tests.ActiveInactiveUserOnTimeHybridTest" name="splitOrder" time="0.503"/>
  <testcase classname="tests.ActiveInactiveUserOnTimeHybridTest" name="updateTAT" time="2.345"/>
  <testcase classname="tests.ActiveInactiveUserOnTimeHybridTest" name="addAndAssignUsers" time="2.769"/>
  <testcase classname="tests.ActiveInactiveUserOnTimeHybridTest" name="completeStagesWithRemarksAndAttachments" time="3.654"/>
  <testcase classname="tests.ActiveInactiveUserOnTimeHybridTest" name="verifyOrderInUIOnTime" time="12.917"/>
  <testcase classname="tests.ActiveInactiveUserOnTimeHybridTest" name="deactivateUser" time="0.202"/>
  <testcase classname="tests.ActiveInactiveUserOnTimeHybridTest" name="verifyDeactivatedUserIsInInactiveList" time="0.131"/>
  <testcase classname="tests.ActiveInactiveUserOnTimeHybridTest" name="verifyOrderInactiveUserViaUI" time="6.363"/>
  <testcase classname="tests.ActiveInactiveUserOnTimeHybridTest" name="verifyStageAssignees" time="0.45"/>
  <testcase classname="tests.ActiveInactiveUserOnTimeHybridTest" name="activateUser" time="0.217"/>
</testsuite> <!-- Default test -->
