<?xml version="1.0" encoding="UTF-8"?>
<!-- Generated by org.testng.reporters.JUnitXMLReporter -->
<testsuite ignored="0" hostname="DESKTOP-38Q9L5G" failures="0" tests="9" name="Admin-Assignee Flow" time="27.333" errors="0" timestamp="2025-06-26T11:40:32 IST">
  <testcase classname="tests.AdminAssigneeOrderFlowTest" name="createOrder" time="3.518"/>
  <testcase classname="tests.AdminAssigneeOrderFlowTest" name="splitOrder" time="0.21"/>
  <testcase classname="tests.AdminAssigneeOrderFlowTest" name="updateTAT" time="3.148"/>
  <testcase classname="tests.AdminAssigneeOrderFlowTest" name="addAndAssignUsers" time="3.192"/>
  <testcase classname="tests.AdminAssigneeOrderFlowTest" name="addRemarks" time="0.703"/>
  <testcase classname="tests.AdminAssigneeOrderFlowTest" name="addAttachments" time="0.681"/>
  <testcase classname="tests.AdminAssigneeOrderFlowTest" name="switchToAssignedUser" time="0.416"/>
  <testcase classname="tests.AdminAssigneeOrderFlowTest" name="termAndConditionAssignedUser" time="0.18"/>
  <testcase classname="tests.AdminAssigneeOrderFlowTest" name="completeStagesWithRemarksAndAttachments" time="9.971"/>
</testsuite> <!-- Admin-Assignee Flow -->
