<?xml version="1.0" encoding="UTF-8"?>
<!-- Generated by org.testng.reporters.JUnitXMLReporter -->
<testsuite ignored="0" hostname="DESKTOP-38Q9L5G" failures="0" tests="15" name="Active and Inactive user via API and UI" time="53.284" errors="0" timestamp="2025-08-25T17:11:03 IST">
  <testcase classname="tests.ActiveInactiveUserHybridTest" name="createOrderAPI" time="1.923"/>
  <testcase classname="tests.ActiveInactiveUserHybridTest" name="verifyOrderInUI" time="13.803"/>
  <testcase classname="tests.ActiveInactiveUserHybridTest" name="splitOrder" time="0.111"/>
  <testcase classname="tests.ActiveInactiveUserHybridTest" name="updateTAT" time="1.851"/>
  <testcase classname="tests.ActiveInactiveUserHybridTest" name="addAndAssignUsers" time="1.51"/>
  <testcase classname="tests.ActiveInactiveUserHybridTest" name="switchToAssignedUser" time="0.441"/>
  <testcase classname="tests.ActiveInactiveUserHybridTest" name="completeStagesWithRemarksAndAttachments" time="9.57"/>
  <testcase classname="tests.ActiveInactiveUserHybridTest" name="switchToAdmin" time="0.434"/>
  <testcase classname="tests.ActiveInactiveUserHybridTest" name="verifyOrderInUICompleted" time="12.606"/>
  <testcase classname="tests.ActiveInactiveUserHybridTest" name="deactivateUser" time="0.211"/>
  <testcase classname="tests.ActiveInactiveUserHybridTest" name="verifyDeactivatedUserIsInInactiveList" time="0.113"/>
  <testcase classname="tests.ActiveInactiveUserHybridTest" name="verifyOrderInactiveUserViaUI" time="5.829"/>
  <testcase classname="tests.ActiveInactiveUserHybridTest" name="switchToAssigneeDeactivated" time="0.4"/>
  <testcase classname="tests.ActiveInactiveUserHybridTest" name="switchToAdminForActivationUser" time="0.418"/>
  <testcase classname="tests.ActiveInactiveUserHybridTest" name="activateUser" time="0.208"/>
</testsuite> <!-- Active and Inactive user via API and UI -->
