<?xml version="1.0" encoding="UTF-8"?>
<!-- Generated by org.testng.reporters.JUnitXMLReporter -->
<testsuite ignored="0" hostname="DESKTOP-38Q9L5G" failures="0" tests="9" name="Admin Order Flow with Workflow Open" time="123.51" errors="0" timestamp="2025-08-25T17:10:10 IST">
  <testcase classname="tests.WorkflowCloseStagesTest" name="workflowCloseForAllStages" time="101.164"/>
  <testcase classname="tests.WorkflowCloseStagesAPITest" name="createOrder" time="4.094"/>
  <testcase classname="tests.WorkflowCloseStagesAPITest" name="splitOrder" time="0.138"/>
  <testcase classname="tests.WorkflowCloseStagesAPITest" name="updateTAT" time="3.846"/>
  <testcase classname="tests.WorkflowCloseStagesAPITest" name="addAndAssignUsers" time="1.513"/>
  <testcase classname="tests.WorkflowCloseStagesAPITest" name="addRemarks" time="1.3"/>
  <testcase classname="tests.WorkflowCloseStagesAPITest" name="addAttachments" time="1.393"/>
  <testcase classname="tests.WorkflowCloseStagesAPITest" name="completeStages" time="3.833"/>
  <testcase classname="tests.WorkflowCloseStagesAPITest" name="verifyCompletion" time="2.849"/>
</testsuite> <!-- Admin Order Flow with Workflow Open -->
