<?xml version="1.0" encoding="UTF-8"?>
<testng-results ignored="0" total="33" passed="33" failed="0" skipped="0">
  <reporter-output>
  </reporter-output>
  <suite started-at="2025-07-24T14:44:09 IST" name="Hybrid Automation Suite" finished-at="2025-07-24T14:45:49 IST" duration-ms="99850">
    <groups>
    </groups>
    <test started-at="2025-07-24T14:44:09 IST" name="UI - Dashboard Before" finished-at="2025-07-24T14:44:24 IST" duration-ms="14961">
      <class name="tests.DashboardTest">
        <test-method is-config="true" signature="setUp()[pri:0, instance:tests.DashboardTest@2d710f1a]" started-at="2025-07-24T14:44:09 IST" name="setUp" finished-at="2025-07-24T14:44:14 IST" duration-ms="5100" status="PASS">
          <reporter-output>
          </reporter-output>
        </test-method> <!-- setUp -->
        <test-method signature="testDashboardCountsBefore()[pri:0, instance:tests.DashboardTest@2d710f1a]" started-at="2025-07-24T14:44:14 IST" name="testDashboardCountsBefore" finished-at="2025-07-24T14:44:24 IST" duration-ms="9231" status="PASS">
          <reporter-output>
          </reporter-output>
        </test-method> <!-- testDashboardCountsBefore -->
        <test-method is-config="true" signature="tearDown()[pri:0, instance:tests.DashboardTest@2d710f1a]" started-at="2025-07-24T14:44:24 IST" name="tearDown" finished-at="2025-07-24T14:44:24 IST" duration-ms="577" status="PASS">
          <reporter-output>
          </reporter-output>
        </test-method> <!-- tearDown -->
      </class> <!-- tests.DashboardTest -->
    </test> <!-- UI - Dashboard Before -->
    <test started-at="2025-07-24T14:44:25 IST" name="API - Admin Flow" finished-at="2025-07-24T14:44:45 IST" duration-ms="19999">
      <class name="tests.AdminOrderFlowTest">
        <test-method is-config="true" signature="setupSession()[pri:0, instance:tests.AdminOrderFlowTest@30af5b6b]" started-at="2025-07-24T14:44:25 IST" name="setupSession" finished-at="2025-07-24T14:44:28 IST" duration-ms="3221" status="PASS">
          <reporter-output>
          </reporter-output>
        </test-method> <!-- setupSession -->
        <test-method signature="createOrder()[pri:0, instance:tests.AdminOrderFlowTest@30af5b6b]" started-at="2025-07-24T14:44:28 IST" name="createOrder" finished-at="2025-07-24T14:44:31 IST" duration-ms="2786" status="PASS">
          <reporter-output>
          </reporter-output>
        </test-method> <!-- createOrder -->
        <test-method signature="downloadcompleteOnTimeReportTest()[pri:0, instance:tests.AdminOrderFlowTest@30af5b6b]" started-at="2025-07-24T14:44:31 IST" name="downloadcompleteOnTimeReportTest" finished-at="2025-07-24T14:44:31 IST" duration-ms="501" status="PASS">
          <reporter-output>
          </reporter-output>
        </test-method> <!-- downloadcompleteOnTimeReportTest -->
        <test-method signature="downloadcompleteWithDelayReportTest()[pri:0, instance:tests.AdminOrderFlowTest@30af5b6b]" started-at="2025-07-24T14:44:31 IST" name="downloadcompleteWithDelayReportTest" finished-at="2025-07-24T14:44:31 IST" duration-ms="153" status="PASS">
          <reporter-output>
          </reporter-output>
        </test-method> <!-- downloadcompleteWithDelayReportTest -->
        <test-method signature="splitOrder()[pri:0, instance:tests.AdminOrderFlowTest@30af5b6b]" started-at="2025-07-24T14:44:31 IST" name="splitOrder" finished-at="2025-07-24T14:44:32 IST" depends-on-methods="tests.AdminOrderFlowTest.createOrder" duration-ms="137" status="PASS">
          <reporter-output>
          </reporter-output>
        </test-method> <!-- splitOrder -->
        <test-method signature="updateTAT()[pri:0, instance:tests.AdminOrderFlowTest@30af5b6b]" started-at="2025-07-24T14:44:32 IST" name="updateTAT" finished-at="2025-07-24T14:44:35 IST" depends-on-methods="tests.AdminOrderFlowTest.splitOrder" duration-ms="3105" status="PASS">
          <reporter-output>
          </reporter-output>
        </test-method> <!-- updateTAT -->
        <test-method signature="addAndAssignUsers()[pri:0, instance:tests.AdminOrderFlowTest@30af5b6b]" started-at="2025-07-24T14:44:35 IST" name="addAndAssignUsers" finished-at="2025-07-24T14:44:37 IST" depends-on-methods="tests.AdminOrderFlowTest.updateTAT" duration-ms="2553" status="PASS">
          <reporter-output>
          </reporter-output>
        </test-method> <!-- addAndAssignUsers -->
        <test-method signature="addRemarks()[pri:0, instance:tests.AdminOrderFlowTest@30af5b6b]" started-at="2025-07-24T14:44:37 IST" name="addRemarks" finished-at="2025-07-24T14:44:38 IST" depends-on-methods="tests.AdminOrderFlowTest.addAndAssignUsers" duration-ms="731" status="PASS">
          <reporter-output>
          </reporter-output>
        </test-method> <!-- addRemarks -->
        <test-method signature="addAttachments()[pri:0, instance:tests.AdminOrderFlowTest@30af5b6b]" started-at="2025-07-24T14:44:38 IST" name="addAttachments" finished-at="2025-07-24T14:44:39 IST" depends-on-methods="tests.AdminOrderFlowTest.addRemarks" duration-ms="752" status="PASS">
          <reporter-output>
          </reporter-output>
        </test-method> <!-- addAttachments -->
        <test-method signature="completeStages()[pri:0, instance:tests.AdminOrderFlowTest@30af5b6b]" started-at="2025-07-24T14:44:39 IST" name="completeStages" finished-at="2025-07-24T14:44:42 IST" depends-on-methods="tests.AdminOrderFlowTest.addAttachments" duration-ms="3396" status="PASS">
          <reporter-output>
          </reporter-output>
        </test-method> <!-- completeStages -->
        <test-method signature="verifyCompletion()[pri:0, instance:tests.AdminOrderFlowTest@30af5b6b]" started-at="2025-07-24T14:44:42 IST" name="verifyCompletion" finished-at="2025-07-24T14:44:45 IST" depends-on-methods="tests.AdminOrderFlowTest.completeStages" duration-ms="2463" status="PASS">
          <reporter-output>
          </reporter-output>
        </test-method> <!-- verifyCompletion -->
        <test-method signature="updateUser()[pri:0, instance:tests.AdminOrderFlowTest@30af5b6b]" started-at="2025-07-24T14:44:45 IST" name="updateUser" finished-at="2025-07-24T14:44:45 IST" depends-on-methods="tests.AdminOrderFlowTest.addAndAssignUsers, tests.AdminOrderFlowTest.verifyCompletion" duration-ms="181" status="PASS">
          <reporter-output>
          </reporter-output>
        </test-method> <!-- updateUser -->
      </class> <!-- tests.AdminOrderFlowTest -->
    </test> <!-- API - Admin Flow -->
    <test started-at="2025-07-24T14:44:45 IST" name="API - Admin Asignee Flow" finished-at="2025-07-24T14:45:05 IST" duration-ms="20136">
      <class name="tests.AdminAssigneeOrderFlowTest">
        <test-method is-config="true" signature="setupSession()[pri:0, instance:tests.AdminAssigneeOrderFlowTest@2a62b5bc]" started-at="2025-07-24T14:44:45 IST" name="setupSession" finished-at="2025-07-24T14:44:45 IST" duration-ms="439" status="PASS">
          <reporter-output>
          </reporter-output>
        </test-method> <!-- setupSession -->
        <test-method signature="createOrder()[pri:0, instance:tests.AdminAssigneeOrderFlowTest@2a62b5bc]" started-at="2025-07-24T14:44:45 IST" name="createOrder" finished-at="2025-07-24T14:44:48 IST" duration-ms="2642" status="PASS">
          <reporter-output>
          </reporter-output>
        </test-method> <!-- createOrder -->
        <test-method signature="splitOrder()[pri:0, instance:tests.AdminAssigneeOrderFlowTest@2a62b5bc]" started-at="2025-07-24T14:44:48 IST" name="splitOrder" finished-at="2025-07-24T14:44:48 IST" depends-on-methods="tests.AdminAssigneeOrderFlowTest.createOrder" duration-ms="115" status="PASS">
          <reporter-output>
          </reporter-output>
        </test-method> <!-- splitOrder -->
        <test-method signature="updateTAT()[pri:0, instance:tests.AdminAssigneeOrderFlowTest@2a62b5bc]" started-at="2025-07-24T14:44:48 IST" name="updateTAT" finished-at="2025-07-24T14:44:50 IST" depends-on-methods="tests.AdminAssigneeOrderFlowTest.splitOrder" duration-ms="2301" status="PASS">
          <reporter-output>
          </reporter-output>
        </test-method> <!-- updateTAT -->
        <test-method signature="addAndAssignUsers()[pri:0, instance:tests.AdminAssigneeOrderFlowTest@2a62b5bc]" started-at="2025-07-24T14:44:50 IST" name="addAndAssignUsers" finished-at="2025-07-24T14:44:53 IST" depends-on-methods="tests.AdminAssigneeOrderFlowTest.updateTAT" duration-ms="2524" status="PASS">
          <reporter-output>
          </reporter-output>
        </test-method> <!-- addAndAssignUsers -->
        <test-method signature="addRemarks()[pri:0, instance:tests.AdminAssigneeOrderFlowTest@2a62b5bc]" started-at="2025-07-24T14:44:53 IST" name="addRemarks" finished-at="2025-07-24T14:44:54 IST" depends-on-methods="tests.AdminAssigneeOrderFlowTest.addAndAssignUsers" duration-ms="726" status="PASS">
          <reporter-output>
          </reporter-output>
        </test-method> <!-- addRemarks -->
        <test-method signature="addAttachments()[pri:0, instance:tests.AdminAssigneeOrderFlowTest@2a62b5bc]" started-at="2025-07-24T14:44:54 IST" name="addAttachments" finished-at="2025-07-24T14:44:54 IST" depends-on-methods="tests.AdminAssigneeOrderFlowTest.addRemarks" duration-ms="741" status="PASS">
          <reporter-output>
          </reporter-output>
        </test-method> <!-- addAttachments -->
        <test-method signature="switchToAssignedUser()[pri:0, instance:tests.AdminAssigneeOrderFlowTest@2a62b5bc]" started-at="2025-07-24T14:44:54 IST" name="switchToAssignedUser" finished-at="2025-07-24T14:44:55 IST" depends-on-methods="tests.AdminAssigneeOrderFlowTest.addAndAssignUsers, tests.AdminAssigneeOrderFlowTest.addAttachments" duration-ms="416" status="PASS">
          <reporter-output>
          </reporter-output>
        </test-method> <!-- switchToAssignedUser -->
        <test-method signature="termAndConditionAssignedUser()[pri:0, instance:tests.AdminAssigneeOrderFlowTest@2a62b5bc]" started-at="2025-07-24T14:44:55 IST" name="termAndConditionAssignedUser" finished-at="2025-07-24T14:44:55 IST" depends-on-methods="tests.AdminAssigneeOrderFlowTest.switchToAssignedUser" duration-ms="149" status="PASS">
          <reporter-output>
          </reporter-output>
        </test-method> <!-- termAndConditionAssignedUser -->
        <test-method signature="completeStagesWithRemarksAndAttachments()[pri:0, instance:tests.AdminAssigneeOrderFlowTest@2a62b5bc]" started-at="2025-07-24T14:44:55 IST" name="completeStagesWithRemarksAndAttachments" finished-at="2025-07-24T14:45:05 IST" depends-on-methods="tests.AdminAssigneeOrderFlowTest.termAndConditionAssignedUser" duration-ms="10072" status="PASS">
          <reporter-output>
          </reporter-output>
        </test-method> <!-- completeStagesWithRemarksAndAttachments -->
      </class> <!-- tests.AdminAssigneeOrderFlowTest -->
    </test> <!-- API - Admin Asignee Flow -->
    <test started-at="2025-07-24T14:45:05 IST" name="API - Admin Order with Split Flow" finished-at="2025-07-24T14:45:16 IST" duration-ms="11454">
      <class name="tests.AdminSplitOrderFlowTest">
        <test-method is-config="true" signature="setupSession()[pri:0, instance:tests.AdminSplitOrderFlowTest@6c0d9d86]" started-at="2025-07-24T14:45:05 IST" name="setupSession" finished-at="2025-07-24T14:45:05 IST" duration-ms="437" status="PASS">
          <reporter-output>
          </reporter-output>
        </test-method> <!-- setupSession -->
        <test-method signature="createOrder()[pri:0, instance:tests.AdminSplitOrderFlowTest@6c0d9d86]" started-at="2025-07-24T14:45:05 IST" name="createOrder" finished-at="2025-07-24T14:45:06 IST" duration-ms="854" status="PASS">
          <reporter-output>
          </reporter-output>
        </test-method> <!-- createOrder -->
        <test-method signature="downloadcompleteOnTimeReportTest()[pri:0, instance:tests.AdminSplitOrderFlowTest@6c0d9d86]" started-at="2025-07-24T14:45:06 IST" name="downloadcompleteOnTimeReportTest" finished-at="2025-07-24T14:45:07 IST" duration-ms="385" status="PASS">
          <reporter-output>
          </reporter-output>
        </test-method> <!-- downloadcompleteOnTimeReportTest -->
        <test-method signature="downloadcompleteWithDelayReportTest()[pri:0, instance:tests.AdminSplitOrderFlowTest@6c0d9d86]" started-at="2025-07-24T14:45:07 IST" name="downloadcompleteWithDelayReportTest" finished-at="2025-07-24T14:45:07 IST" duration-ms="150" status="PASS">
          <reporter-output>
          </reporter-output>
        </test-method> <!-- downloadcompleteWithDelayReportTest -->
        <test-method signature="splitOrder()[pri:0, instance:tests.AdminSplitOrderFlowTest@6c0d9d86]" started-at="2025-07-24T14:45:07 IST" name="splitOrder" finished-at="2025-07-24T14:45:07 IST" depends-on-methods="tests.AdminSplitOrderFlowTest.createOrder" duration-ms="610" status="PASS">
          <reporter-output>
          </reporter-output>
        </test-method> <!-- splitOrder -->
        <test-method signature="updateTAT()[pri:0, instance:tests.AdminSplitOrderFlowTest@6c0d9d86]" started-at="2025-07-24T14:45:07 IST" name="updateTAT" finished-at="2025-07-24T14:45:08 IST" depends-on-methods="tests.AdminSplitOrderFlowTest.splitOrder" duration-ms="276" status="PASS">
          <reporter-output>
          </reporter-output>
        </test-method> <!-- updateTAT -->
        <test-method signature="addAndAssignUsers()[pri:0, instance:tests.AdminSplitOrderFlowTest@6c0d9d86]" started-at="2025-07-24T14:45:08 IST" name="addAndAssignUsers" finished-at="2025-07-24T14:45:10 IST" depends-on-methods="tests.AdminSplitOrderFlowTest.updateTAT" duration-ms="2183" status="PASS">
          <reporter-output>
          </reporter-output>
        </test-method> <!-- addAndAssignUsers -->
        <test-method signature="addRemarks()[pri:0, instance:tests.AdminSplitOrderFlowTest@6c0d9d86]" started-at="2025-07-24T14:45:10 IST" name="addRemarks" finished-at="2025-07-24T14:45:11 IST" depends-on-methods="tests.AdminSplitOrderFlowTest.addAndAssignUsers" duration-ms="689" status="PASS">
          <reporter-output>
          </reporter-output>
        </test-method> <!-- addRemarks -->
        <test-method signature="completeStages()[pri:0, instance:tests.AdminSplitOrderFlowTest@6c0d9d86]" started-at="2025-07-24T14:45:11 IST" name="completeStages" finished-at="2025-07-24T14:45:13 IST" depends-on-methods="tests.AdminSplitOrderFlowTest.addAndAssignUsers" duration-ms="2673" status="PASS">
          <reporter-output>
          </reporter-output>
        </test-method> <!-- completeStages -->
        <test-method signature="addAttachments()[pri:0, instance:tests.AdminSplitOrderFlowTest@6c0d9d86]" started-at="2025-07-24T14:45:13 IST" name="addAttachments" finished-at="2025-07-24T14:45:14 IST" depends-on-methods="tests.AdminSplitOrderFlowTest.addRemarks" duration-ms="761" status="PASS">
          <reporter-output>
          </reporter-output>
        </test-method> <!-- addAttachments -->
        <test-method signature="verifyCompletion()[pri:0, instance:tests.AdminSplitOrderFlowTest@6c0d9d86]" started-at="2025-07-24T14:45:14 IST" name="verifyCompletion" finished-at="2025-07-24T14:45:16 IST" depends-on-methods="tests.AdminSplitOrderFlowTest.completeStages" duration-ms="2427" status="PASS">
          <reporter-output>
          </reporter-output>
        </test-method> <!-- verifyCompletion -->
      </class> <!-- tests.AdminSplitOrderFlowTest -->
    </test> <!-- API - Admin Order with Split Flow -->
    <test started-at="2025-07-24T14:45:17 IST" name="UI - Report Validation" finished-at="2025-07-24T14:45:36 IST" duration-ms="19415">
      <class name="tests.ReportValidationTest">
        <test-method is-config="true" signature="setUp()[pri:0, instance:tests.ReportValidationTest@5dcb4f5f]" started-at="2025-07-24T14:45:17 IST" name="setUp" finished-at="2025-07-24T14:45:19 IST" duration-ms="2915" status="PASS">
          <reporter-output>
          </reporter-output>
        </test-method> <!-- setUp -->
        <test-method signature="compareReportUIAndExcelData()[pri:0, instance:tests.ReportValidationTest@5dcb4f5f]" started-at="2025-07-24T14:45:19 IST" name="compareReportUIAndExcelData" finished-at="2025-07-24T14:45:36 IST" duration-ms="16202" status="PASS">
          <reporter-output>
          </reporter-output>
        </test-method> <!-- compareReportUIAndExcelData -->
        <test-method is-config="true" signature="tearDown()[pri:0, instance:tests.ReportValidationTest@5dcb4f5f]" started-at="2025-07-24T14:45:36 IST" name="tearDown" finished-at="2025-07-24T14:45:36 IST" duration-ms="297" status="PASS">
          <reporter-output>
          </reporter-output>
        </test-method> <!-- tearDown -->
      </class> <!-- tests.ReportValidationTest -->
    </test> <!-- UI - Report Validation -->
    <test started-at="2025-07-24T14:45:36 IST" name="UI - Dashboard After" finished-at="2025-07-24T14:45:49 IST" duration-ms="13126">
      <class name="tests.DashboardTest">
        <test-method is-config="true" signature="setUp()[pri:0, instance:tests.DashboardTest@7b94089b]" started-at="2025-07-24T14:45:36 IST" name="setUp" finished-at="2025-07-24T14:45:41 IST" duration-ms="4585" status="PASS">
          <reporter-output>
          </reporter-output>
        </test-method> <!-- setUp -->
        <test-method signature="testDashboardCountsAfter()[pri:0, instance:tests.DashboardTest@7b94089b]" started-at="2025-07-24T14:45:41 IST" name="testDashboardCountsAfter" finished-at="2025-07-24T14:45:49 IST" duration-ms="8248" status="PASS">
          <reporter-output>
          </reporter-output>
        </test-method> <!-- testDashboardCountsAfter -->
        <test-method is-config="true" signature="tearDown()[pri:0, instance:tests.DashboardTest@7b94089b]" started-at="2025-07-24T14:45:49 IST" name="tearDown" finished-at="2025-07-24T14:45:49 IST" duration-ms="290" status="PASS">
          <reporter-output>
          </reporter-output>
        </test-method> <!-- tearDown -->
      </class> <!-- tests.DashboardTest -->
    </test> <!-- UI - Dashboard After -->
  </suite> <!-- Hybrid Automation Suite -->
</testng-results>
