<?xml version="1.0" encoding="UTF-8"?>
<testng-results ignored="0" total="33" passed="33" failed="0" skipped="0">
  <reporter-output>
  </reporter-output>
  <suite started-at="2025-07-24T16:47:57 IST" name="Hybrid Automation Suite" finished-at="2025-07-24T16:49:27 IST" duration-ms="89835">
    <groups>
    </groups>
    <test started-at="2025-07-24T16:47:57 IST" name="UI - Dashboard Before" finished-at="2025-07-24T16:48:08 IST" duration-ms="10800">
      <class name="tests.DashboardTest">
        <test-method is-config="true" signature="setUp()[pri:0, instance:tests.DashboardTest@2d710f1a]" started-at="2025-07-24T16:47:57 IST" name="setUp" finished-at="2025-07-24T16:48:01 IST" duration-ms="4391" status="PASS">
          <reporter-output>
          </reporter-output>
        </test-method> <!-- setUp -->
        <test-method signature="testDashboardCountsBefore()[pri:0, instance:tests.DashboardTest@2d710f1a]" started-at="2025-07-24T16:48:01 IST" name="testDashboardCountsBefore" finished-at="2025-07-24T16:48:07 IST" duration-ms="6164" status="PASS">
          <reporter-output>
          </reporter-output>
        </test-method> <!-- testDashboardCountsBefore -->
        <test-method is-config="true" signature="tearDown()[pri:0, instance:tests.DashboardTest@2d710f1a]" started-at="2025-07-24T16:48:07 IST" name="tearDown" finished-at="2025-07-24T16:48:08 IST" duration-ms="204" status="PASS">
          <reporter-output>
          </reporter-output>
        </test-method> <!-- tearDown -->
      </class> <!-- tests.DashboardTest -->
    </test> <!-- UI - Dashboard Before -->
    <test started-at="2025-07-24T16:48:08 IST" name="API - Admin Flow" finished-at="2025-07-24T16:48:28 IST" duration-ms="19838">
      <class name="tests.AdminOrderFlowTest">
        <test-method is-config="true" signature="setupSession()[pri:0, instance:tests.AdminOrderFlowTest@30af5b6b]" started-at="2025-07-24T16:48:08 IST" name="setupSession" finished-at="2025-07-24T16:48:10 IST" duration-ms="2538" status="PASS">
          <reporter-output>
          </reporter-output>
        </test-method> <!-- setupSession -->
        <test-method signature="createOrder()[pri:0, instance:tests.AdminOrderFlowTest@30af5b6b]" started-at="2025-07-24T16:48:10 IST" name="createOrder" finished-at="2025-07-24T16:48:13 IST" duration-ms="2750" status="PASS">
          <reporter-output>
          </reporter-output>
        </test-method> <!-- createOrder -->
        <test-method signature="downloadcompleteOnTimeReportTest()[pri:0, instance:tests.AdminOrderFlowTest@30af5b6b]" started-at="2025-07-24T16:48:13 IST" name="downloadcompleteOnTimeReportTest" finished-at="2025-07-24T16:48:13 IST" duration-ms="298" status="PASS">
          <reporter-output>
          </reporter-output>
        </test-method> <!-- downloadcompleteOnTimeReportTest -->
        <test-method signature="downloadcompleteWithDelayReportTest()[pri:0, instance:tests.AdminOrderFlowTest@30af5b6b]" started-at="2025-07-24T16:48:13 IST" name="downloadcompleteWithDelayReportTest" finished-at="2025-07-24T16:48:14 IST" duration-ms="174" status="PASS">
          <reporter-output>
          </reporter-output>
        </test-method> <!-- downloadcompleteWithDelayReportTest -->
        <test-method signature="splitOrder()[pri:0, instance:tests.AdminOrderFlowTest@30af5b6b]" started-at="2025-07-24T16:48:14 IST" name="splitOrder" finished-at="2025-07-24T16:48:14 IST" depends-on-methods="tests.AdminOrderFlowTest.createOrder" duration-ms="132" status="PASS">
          <reporter-output>
          </reporter-output>
        </test-method> <!-- splitOrder -->
        <test-method signature="updateTAT()[pri:0, instance:tests.AdminOrderFlowTest@30af5b6b]" started-at="2025-07-24T16:48:14 IST" name="updateTAT" finished-at="2025-07-24T16:48:17 IST" depends-on-methods="tests.AdminOrderFlowTest.splitOrder" duration-ms="3072" status="PASS">
          <reporter-output>
          </reporter-output>
        </test-method> <!-- updateTAT -->
        <test-method signature="addAndAssignUsers()[pri:0, instance:tests.AdminOrderFlowTest@30af5b6b]" started-at="2025-07-24T16:48:17 IST" name="addAndAssignUsers" finished-at="2025-07-24T16:48:20 IST" depends-on-methods="tests.AdminOrderFlowTest.updateTAT" duration-ms="2814" status="PASS">
          <reporter-output>
          </reporter-output>
        </test-method> <!-- addAndAssignUsers -->
        <test-method signature="addRemarks()[pri:0, instance:tests.AdminOrderFlowTest@30af5b6b]" started-at="2025-07-24T16:48:20 IST" name="addRemarks" finished-at="2025-07-24T16:48:20 IST" depends-on-methods="tests.AdminOrderFlowTest.addAndAssignUsers" duration-ms="767" status="PASS">
          <reporter-output>
          </reporter-output>
        </test-method> <!-- addRemarks -->
        <test-method signature="addAttachments()[pri:0, instance:tests.AdminOrderFlowTest@30af5b6b]" started-at="2025-07-24T16:48:20 IST" name="addAttachments" finished-at="2025-07-24T16:48:21 IST" depends-on-methods="tests.AdminOrderFlowTest.addRemarks" duration-ms="841" status="PASS">
          <reporter-output>
          </reporter-output>
        </test-method> <!-- addAttachments -->
        <test-method signature="completeStages()[pri:0, instance:tests.AdminOrderFlowTest@30af5b6b]" started-at="2025-07-24T16:48:21 IST" name="completeStages" finished-at="2025-07-24T16:48:25 IST" depends-on-methods="tests.AdminOrderFlowTest.addAttachments" duration-ms="3805" status="PASS">
          <reporter-output>
          </reporter-output>
        </test-method> <!-- completeStages -->
        <test-method signature="verifyCompletion()[pri:0, instance:tests.AdminOrderFlowTest@30af5b6b]" started-at="2025-07-24T16:48:25 IST" name="verifyCompletion" finished-at="2025-07-24T16:48:28 IST" depends-on-methods="tests.AdminOrderFlowTest.completeStages" duration-ms="2441" status="PASS">
          <reporter-output>
          </reporter-output>
        </test-method> <!-- verifyCompletion -->
        <test-method signature="updateUser()[pri:0, instance:tests.AdminOrderFlowTest@30af5b6b]" started-at="2025-07-24T16:48:28 IST" name="updateUser" finished-at="2025-07-24T16:48:28 IST" depends-on-methods="tests.AdminOrderFlowTest.addAndAssignUsers, tests.AdminOrderFlowTest.verifyCompletion" duration-ms="186" status="PASS">
          <reporter-output>
          </reporter-output>
        </test-method> <!-- updateUser -->
      </class> <!-- tests.AdminOrderFlowTest -->
    </test> <!-- API - Admin Flow -->
    <test started-at="2025-07-24T16:48:28 IST" name="API - Admin Asignee Flow" finished-at="2025-07-24T16:48:48 IST" duration-ms="20360">
      <class name="tests.AdminAssigneeOrderFlowTest">
        <test-method is-config="true" signature="setupSession()[pri:0, instance:tests.AdminAssigneeOrderFlowTest@2a62b5bc]" started-at="2025-07-24T16:48:28 IST" name="setupSession" finished-at="2025-07-24T16:48:28 IST" duration-ms="407" status="PASS">
          <reporter-output>
          </reporter-output>
        </test-method> <!-- setupSession -->
        <test-method signature="createOrder()[pri:0, instance:tests.AdminAssigneeOrderFlowTest@2a62b5bc]" started-at="2025-07-24T16:48:28 IST" name="createOrder" finished-at="2025-07-24T16:48:31 IST" duration-ms="2591" status="PASS">
          <reporter-output>
          </reporter-output>
        </test-method> <!-- createOrder -->
        <test-method signature="splitOrder()[pri:0, instance:tests.AdminAssigneeOrderFlowTest@2a62b5bc]" started-at="2025-07-24T16:48:31 IST" name="splitOrder" finished-at="2025-07-24T16:48:31 IST" depends-on-methods="tests.AdminAssigneeOrderFlowTest.createOrder" duration-ms="130" status="PASS">
          <reporter-output>
          </reporter-output>
        </test-method> <!-- splitOrder -->
        <test-method signature="updateTAT()[pri:0, instance:tests.AdminAssigneeOrderFlowTest@2a62b5bc]" started-at="2025-07-24T16:48:31 IST" name="updateTAT" finished-at="2025-07-24T16:48:33 IST" depends-on-methods="tests.AdminAssigneeOrderFlowTest.splitOrder" duration-ms="2288" status="PASS">
          <reporter-output>
          </reporter-output>
        </test-method> <!-- updateTAT -->
        <test-method signature="addAndAssignUsers()[pri:0, instance:tests.AdminAssigneeOrderFlowTest@2a62b5bc]" started-at="2025-07-24T16:48:33 IST" name="addAndAssignUsers" finished-at="2025-07-24T16:48:36 IST" depends-on-methods="tests.AdminAssigneeOrderFlowTest.updateTAT" duration-ms="2466" status="PASS">
          <reporter-output>
          </reporter-output>
        </test-method> <!-- addAndAssignUsers -->
        <test-method signature="addRemarks()[pri:0, instance:tests.AdminAssigneeOrderFlowTest@2a62b5bc]" started-at="2025-07-24T16:48:36 IST" name="addRemarks" finished-at="2025-07-24T16:48:36 IST" depends-on-methods="tests.AdminAssigneeOrderFlowTest.addAndAssignUsers" duration-ms="726" status="PASS">
          <reporter-output>
          </reporter-output>
        </test-method> <!-- addRemarks -->
        <test-method signature="addAttachments()[pri:0, instance:tests.AdminAssigneeOrderFlowTest@2a62b5bc]" started-at="2025-07-24T16:48:36 IST" name="addAttachments" finished-at="2025-07-24T16:48:37 IST" depends-on-methods="tests.AdminAssigneeOrderFlowTest.addRemarks" duration-ms="873" status="PASS">
          <reporter-output>
          </reporter-output>
        </test-method> <!-- addAttachments -->
        <test-method signature="switchToAssignedUser()[pri:0, instance:tests.AdminAssigneeOrderFlowTest@2a62b5bc]" started-at="2025-07-24T16:48:37 IST" name="switchToAssignedUser" finished-at="2025-07-24T16:48:38 IST" depends-on-methods="tests.AdminAssigneeOrderFlowTest.addAndAssignUsers, tests.AdminAssigneeOrderFlowTest.addAttachments" duration-ms="453" status="PASS">
          <reporter-output>
          </reporter-output>
        </test-method> <!-- switchToAssignedUser -->
        <test-method signature="termAndConditionAssignedUser()[pri:0, instance:tests.AdminAssigneeOrderFlowTest@2a62b5bc]" started-at="2025-07-24T16:48:38 IST" name="termAndConditionAssignedUser" finished-at="2025-07-24T16:48:38 IST" depends-on-methods="tests.AdminAssigneeOrderFlowTest.switchToAssignedUser" duration-ms="156" status="PASS">
          <reporter-output>
          </reporter-output>
        </test-method> <!-- termAndConditionAssignedUser -->
        <test-method signature="completeStagesWithRemarksAndAttachments()[pri:0, instance:tests.AdminAssigneeOrderFlowTest@2a62b5bc]" started-at="2025-07-24T16:48:38 IST" name="completeStagesWithRemarksAndAttachments" finished-at="2025-07-24T16:48:48 IST" depends-on-methods="tests.AdminAssigneeOrderFlowTest.termAndConditionAssignedUser" duration-ms="10259" status="PASS">
          <reporter-output>
          </reporter-output>
        </test-method> <!-- completeStagesWithRemarksAndAttachments -->
      </class> <!-- tests.AdminAssigneeOrderFlowTest -->
    </test> <!-- API - Admin Asignee Flow -->
    <test started-at="2025-07-24T16:48:48 IST" name="API - Admin Order with Split Flow" finished-at="2025-07-24T16:48:59 IST" duration-ms="11154">
      <class name="tests.AdminSplitOrderFlowTest">
        <test-method is-config="true" signature="setupSession()[pri:0, instance:tests.AdminSplitOrderFlowTest@6c0d9d86]" started-at="2025-07-24T16:48:48 IST" name="setupSession" finished-at="2025-07-24T16:48:49 IST" duration-ms="431" status="PASS">
          <reporter-output>
          </reporter-output>
        </test-method> <!-- setupSession -->
        <test-method signature="createOrder()[pri:0, instance:tests.AdminSplitOrderFlowTest@6c0d9d86]" started-at="2025-07-24T16:48:49 IST" name="createOrder" finished-at="2025-07-24T16:48:50 IST" duration-ms="933" status="PASS">
          <reporter-output>
          </reporter-output>
        </test-method> <!-- createOrder -->
        <test-method signature="downloadcompleteOnTimeReportTest()[pri:0, instance:tests.AdminSplitOrderFlowTest@6c0d9d86]" started-at="2025-07-24T16:48:50 IST" name="downloadcompleteOnTimeReportTest" finished-at="2025-07-24T16:48:50 IST" duration-ms="319" status="PASS">
          <reporter-output>
          </reporter-output>
        </test-method> <!-- downloadcompleteOnTimeReportTest -->
        <test-method signature="downloadcompleteWithDelayReportTest()[pri:0, instance:tests.AdminSplitOrderFlowTest@6c0d9d86]" started-at="2025-07-24T16:48:50 IST" name="downloadcompleteWithDelayReportTest" finished-at="2025-07-24T16:48:50 IST" duration-ms="143" status="PASS">
          <reporter-output>
          </reporter-output>
        </test-method> <!-- downloadcompleteWithDelayReportTest -->
        <test-method signature="splitOrder()[pri:0, instance:tests.AdminSplitOrderFlowTest@6c0d9d86]" started-at="2025-07-24T16:48:50 IST" name="splitOrder" finished-at="2025-07-24T16:48:51 IST" depends-on-methods="tests.AdminSplitOrderFlowTest.createOrder" duration-ms="686" status="PASS">
          <reporter-output>
          </reporter-output>
        </test-method> <!-- splitOrder -->
        <test-method signature="updateTAT()[pri:0, instance:tests.AdminSplitOrderFlowTest@6c0d9d86]" started-at="2025-07-24T16:48:51 IST" name="updateTAT" finished-at="2025-07-24T16:48:51 IST" depends-on-methods="tests.AdminSplitOrderFlowTest.splitOrder" duration-ms="264" status="PASS">
          <reporter-output>
          </reporter-output>
        </test-method> <!-- updateTAT -->
        <test-method signature="addAndAssignUsers()[pri:0, instance:tests.AdminSplitOrderFlowTest@6c0d9d86]" started-at="2025-07-24T16:48:51 IST" name="addAndAssignUsers" finished-at="2025-07-24T16:48:53 IST" depends-on-methods="tests.AdminSplitOrderFlowTest.updateTAT" duration-ms="2338" status="PASS">
          <reporter-output>
          </reporter-output>
        </test-method> <!-- addAndAssignUsers -->
        <test-method signature="addRemarks()[pri:0, instance:tests.AdminSplitOrderFlowTest@6c0d9d86]" started-at="2025-07-24T16:48:53 IST" name="addRemarks" finished-at="2025-07-24T16:48:55 IST" depends-on-methods="tests.AdminSplitOrderFlowTest.addAndAssignUsers" duration-ms="1250" status="PASS">
          <reporter-output>
          </reporter-output>
        </test-method> <!-- addRemarks -->
        <test-method signature="completeStages()[pri:0, instance:tests.AdminSplitOrderFlowTest@6c0d9d86]" started-at="2025-07-24T16:48:55 IST" name="completeStages" finished-at="2025-07-24T16:48:56 IST" depends-on-methods="tests.AdminSplitOrderFlowTest.addAndAssignUsers" duration-ms="1422" status="PASS">
          <reporter-output>
          </reporter-output>
        </test-method> <!-- completeStages -->
        <test-method signature="addAttachments()[pri:0, instance:tests.AdminSplitOrderFlowTest@6c0d9d86]" started-at="2025-07-24T16:48:56 IST" name="addAttachments" finished-at="2025-07-24T16:48:57 IST" depends-on-methods="tests.AdminSplitOrderFlowTest.addRemarks" duration-ms="903" status="PASS">
          <reporter-output>
          </reporter-output>
        </test-method> <!-- addAttachments -->
        <test-method signature="verifyCompletion()[pri:0, instance:tests.AdminSplitOrderFlowTest@6c0d9d86]" started-at="2025-07-24T16:48:57 IST" name="verifyCompletion" finished-at="2025-07-24T16:48:59 IST" depends-on-methods="tests.AdminSplitOrderFlowTest.completeStages" duration-ms="2451" status="PASS">
          <reporter-output>
          </reporter-output>
        </test-method> <!-- verifyCompletion -->
      </class> <!-- tests.AdminSplitOrderFlowTest -->
    </test> <!-- API - Admin Order with Split Flow -->
    <test started-at="2025-07-24T16:48:59 IST" name="UI - Report Validation" finished-at="2025-07-24T16:49:17 IST" duration-ms="17782">
      <class name="tests.ReportValidationTest">
        <test-method is-config="true" signature="setUp()[pri:0, instance:tests.ReportValidationTest@5dcb4f5f]" started-at="2025-07-24T16:48:59 IST" name="setUp" finished-at="2025-07-24T16:49:02 IST" duration-ms="2763" status="PASS">
          <reporter-output>
          </reporter-output>
        </test-method> <!-- setUp -->
        <test-method signature="compareReportUIAndExcelData()[pri:0, instance:tests.ReportValidationTest@5dcb4f5f]" started-at="2025-07-24T16:49:02 IST" name="compareReportUIAndExcelData" finished-at="2025-07-24T16:49:17 IST" duration-ms="14817" status="PASS">
          <reporter-output>
          </reporter-output>
        </test-method> <!-- compareReportUIAndExcelData -->
        <test-method is-config="true" signature="tearDown()[pri:0, instance:tests.ReportValidationTest@5dcb4f5f]" started-at="2025-07-24T16:49:17 IST" name="tearDown" finished-at="2025-07-24T16:49:17 IST" duration-ms="201" status="PASS">
          <reporter-output>
          </reporter-output>
        </test-method> <!-- tearDown -->
      </class> <!-- tests.ReportValidationTest -->
    </test> <!-- UI - Report Validation -->
    <test started-at="2025-07-24T16:49:17 IST" name="UI - Dashboard After" finished-at="2025-07-24T16:49:27 IST" duration-ms="9356">
      <class name="tests.DashboardTest">
        <test-method is-config="true" signature="setUp()[pri:0, instance:tests.DashboardTest@7b94089b]" started-at="2025-07-24T16:49:17 IST" name="setUp" finished-at="2025-07-24T16:49:20 IST" duration-ms="2431" status="PASS">
          <reporter-output>
          </reporter-output>
        </test-method> <!-- setUp -->
        <test-method signature="testDashboardCountsAfter()[pri:0, instance:tests.DashboardTest@7b94089b]" started-at="2025-07-24T16:49:20 IST" name="testDashboardCountsAfter" finished-at="2025-07-24T16:49:26 IST" duration-ms="6757" status="PASS">
          <reporter-output>
          </reporter-output>
        </test-method> <!-- testDashboardCountsAfter -->
        <test-method is-config="true" signature="tearDown()[pri:0, instance:tests.DashboardTest@7b94089b]" started-at="2025-07-24T16:49:26 IST" name="tearDown" finished-at="2025-07-24T16:49:27 IST" duration-ms="166" status="PASS">
          <reporter-output>
          </reporter-output>
        </test-method> <!-- tearDown -->
      </class> <!-- tests.DashboardTest -->
    </test> <!-- UI - Dashboard After -->
  </suite> <!-- Hybrid Automation Suite -->
</testng-results>
