<?xml version="1.0" encoding="UTF-8"?>
<testsuite xmlns:xsi="http://www.w3.org/2001/XMLSchema-instance" xsi:noNamespaceSchemaLocation="https://maven.apache.org/surefire/maven-surefire-plugin/xsd/surefire-test-report-3.0.xsd" version="3.0" name="TestSuite" time="250.384" tests="48" errors="0" skipped="0" failures="0">
  <properties>
[...]
</properties>
  <testcase name="testDashboardCountsBefore" classname="tests.DashboardTest" time="9.514">
    <system-out><![CDATA[
=========================================================
Starting Flow: DASHBOARD COUNT TEST
=========================================================

===== Dashboard Counts BEFORE Order Flow =====
Total Orders: 1120
Completed Orders: 427
On Time Orders: 15
Queued Orders: 293
]]></system-out>
    <system-err><![CDATA[SLF4J: Failed to load class "org.slf4j.impl.StaticLoggerBinder".
SLF4J: Defaulting to no-operation (NOP) logger implementation
SLF4J: See http://www.slf4j.org/codes.html#StaticLoggerBinder for further details.
Aug 04, 2025 2:40:56 PM org.openqa.selenium.devtools.CdpVersionFinder findNearestMatch
WARNING: Unable to find CDP implementation matching 138
Aug 04, 2025 2:40:56 PM org.openqa.selenium.chromium.ChromiumDriver lambda$new$5
WARNING: Unable to find version of CDP to use for 138.0.7204.169. You may need to include a dependency on a specific version of the CDP using something similar to `org.seleniumhq.selenium:selenium-devtools-v86:4.27.0` where the version ("v86") matches the version of the chromium-based browser you're using and the version number of the artifact is the same as Selenium's.
]]></system-err>
  </testcase>
  <testcase name="testDashboardCountsAfter" classname="tests.DashboardTest" time="0.03">
    <system-out><![CDATA[
=========================================================
Starting Flow: DASHBOARD COUNT TEST
=========================================================

===== Dashboard Counts AFTER Order Flow =====
Total Orders: 1127
Completed Orders: 431
On Time Orders: 16
Queued Orders: 295
]]></system-out>
    <system-err><![CDATA[Aug 04, 2025 2:43:43 PM org.openqa.selenium.devtools.CdpVersionFinder findNearestMatch
WARNING: Unable to find CDP implementation matching 138
Aug 04, 2025 2:43:43 PM org.openqa.selenium.chromium.ChromiumDriver lambda$new$5
WARNING: Unable to find version of CDP to use for 138.0.7204.169. You may need to include a dependency on a specific version of the CDP using something similar to `org.seleniumhq.selenium:selenium-devtools-v86:4.27.0` where the version ("v86") matches the version of the chromium-based browser you're using and the version number of the artifact is the same as Selenium's.
]]></system-err>
  </testcase>
  <testcase name="createOrder" classname="tests.AdminOrderFlowTest" time="2.939">
    <system-out><![CDATA[
=========================================================
Starting Flow: ADMIN ORDER FLOW TEST
=========================================================

Login Successfully with Admin Email: automation@yopmail.com
Create Status Code: 201
Create Customer Response:
{"customerName":"Toshi Automation","customerCode":"CUST7890","workflowId":5,"organizationId":8,"region":"MADHYA PRADESH","soQuantity":1000,"umo":"Kg","soDate":"2025-06-17T09:00:00.000Z","singleRollW":50,"filmType":"LDPE","soNumber":"ORD123456","length":200,"width":120,"coreId":"76","od":45,"noOfRolls":25,"destination":"Indore Distribution Center","salesOrderLineNumber":"SO/9821","packagingType":"Shrink Wrap","salesCategory":"Industrial","grade":"A+","promiseDay":"2025-06-20T09:00:00.000Z","palletType":"Euro","requestDate":"2025-06-17T09:00:00.000Z","consigneeDetails":"Indore Warehouse A1","palletTier":"2","currentStage":1,"createdBy":"afb5cb1f-0753-46f2-b144-1b7f64b5e8ea","assignee":["afb5cb1f-0753-46f2-b144-1b7f64b5e8ea"],"customerOrganizationName":"Kestrel Industries Pvt. Ltd.","headerId":null,"lineId":null,"endDate":null,"splittedAt":null,"isSplitted":null,"parentId":null,"remarks":"","orderStatus":"","orderLineStatus":"","collectorName":"","id":3101,"status":"QUEUED","startDate":"2025-08-04T00:00:00.000Z","createdAt":"2025-08-04T09:11:13.465Z","updatedAt":"2025-08-04T09:11:13.465Z","timeData":{}}
Order ID: 3101
Customer found in queue. Customer Name: Toshi Automation
]]></system-out>
  </testcase>
  <testcase name="downloadcompleteOnTimeReportTest" classname="tests.AdminOrderFlowTest" time="0.769">
    <system-out><![CDATA[CompleteOnTime Report downloaded successfully to: test-output/completeOnTime-report.csv
]]></system-out>
  </testcase>
  <testcase name="downloadcompleteWithDelayReportTest" classname="tests.AdminOrderFlowTest" time="0.32">
    <system-out><![CDATA[CompleteWithDelay Report downloaded successfully to: test-output/completeWithDelay-report.csv
]]></system-out>
  </testcase>
  <testcase name="splitOrder" classname="tests.AdminOrderFlowTest" time="0.246"/>
  <testcase name="updateTAT" classname="tests.AdminOrderFlowTest" time="3.767">
    <system-out><![CDATA[TAT Update Status Code: 200
]]></system-out>
  </testcase>
  <testcase name="addAndAssignUsers" classname="tests.AdminOrderFlowTest" time="3.614">
    <system-out><![CDATA[New Member User ID: c3383981-512b-4b4f-b50b-8e535fac0b38
Assigned user to stage: 2, Email: testuser_1754298652655@yopmail.com
Assigned user to stage: 3, Email: testuser_1754298652655@yopmail.com
Assigned user to stage: 4, Email: testuser_1754298652655@yopmail.com
Assigned user to stage: 5, Email: testuser_1754298652655@yopmail.com
Assigned user to stage: 6, Email: testuser_1754298652655@yopmail.com
Assigned user to stage: 7, Email: testuser_1754298652655@yopmail.com
]]></system-out>
  </testcase>
  <testcase name="addRemarks" classname="tests.AdminOrderFlowTest" time="0.783">
    <system-out><![CDATA[Added remark from admin to stage: 2
Added remark from admin to stage: 3
Added remark from admin to stage: 4
Added remark from admin to stage: 5
Added remark from admin to stage: 6
Added remark from admin to stage: 7
]]></system-out>
  </testcase>
  <testcase name="addAttachments" classname="tests.AdminOrderFlowTest" time="1.144">
    <system-out><![CDATA[Added attachment from admin to stage: 2
Added attachment from admin to stage: 3
Added attachment from admin to stage: 4
Added attachment from admin to stage: 5
Added attachment from admin to stage: 6
Added attachment from admin to stage: 7
]]></system-out>
  </testcase>
  <testcase name="completeStages" classname="tests.AdminOrderFlowTest" time="3.376">
    <system-out><![CDATA[Completed from admin to stage: 2
Completed from admin to stage: 3
Completed from admin to stage: 4
Completed from admin to stage: 5
Completed from admin to stage: 6
Completed from admin to stage: 7
]]></system-out>
  </testcase>
  <testcase name="verifyCompletion" classname="tests.AdminOrderFlowTest" time="2.812">
    <system-out><![CDATA[Order found in completed. Customer Name: Toshi Automation
]]></system-out>
  </testcase>
  <testcase name="updateUser" classname="tests.AdminOrderFlowTest" time="0.161">
    <system-out><![CDATA[User updated successfully. Identity ID: c3383981-512b-4b4f-b50b-8e535fac0b38
]]></system-out>
  </testcase>
  <testcase name="createOrder" classname="tests.AdminSplitOrderFlowTest" time="0.561">
    <system-out><![CDATA[
=========================================================
Starting Flow: ADMIN ORDER WITH SPLIT FLOW TEST
=========================================================

Login Successfully with Admin Email: splitautomation@yopmail.com
Original Order ID (before split): 3102
Customer found in queue. Customer Name: Yadhi Automation
]]></system-out>
  </testcase>
  <testcase name="downloadcompleteOnTimeReportTest" classname="tests.AdminSplitOrderFlowTest" time="0.215">
    <system-out><![CDATA[CompleteOnTime Report downloaded successfully to: test-output/completeOnTime-report.csv
]]></system-out>
  </testcase>
  <testcase name="downloadcompleteWithDelayReportTest" classname="tests.AdminSplitOrderFlowTest" time="0.126">
    <system-out><![CDATA[CompleteWithDelay Report downloaded successfully to: test-output/completeWithDelay-report.csv
]]></system-out>
  </testcase>
  <testcase name="splitOrder" classname="tests.AdminSplitOrderFlowTest" time="0.585">
    <system-out><![CDATA[Using split child Order ID (Part 1): 3105
]]></system-out>
  </testcase>
  <testcase name="updateTAT" classname="tests.AdminSplitOrderFlowTest" time="0.275"/>
  <testcase name="addAndAssignUsers" classname="tests.AdminSplitOrderFlowTest" time="2.472">
    <system-out><![CDATA[New Member User ID: 17e7bb6e-999d-41b3-9a2b-49ef9fb0e3e7
Assigned user to stage: 2, Email: testuser_1754298652742@yopmail.com
Assigned user to stage: 3, Email: testuser_1754298652742@yopmail.com
Assigned user to stage: 4, Email: testuser_1754298652742@yopmail.com
Assigned user to stage: 5, Email: testuser_1754298652742@yopmail.com
Assigned user to stage: 6, Email: testuser_1754298652742@yopmail.com
Assigned user to stage: 7, Email: testuser_1754298652742@yopmail.com
]]></system-out>
  </testcase>
  <testcase name="addRemarks" classname="tests.AdminSplitOrderFlowTest" time="0.735">
    <system-out><![CDATA[Added remark from admin to stage: 2
Added remark from admin to stage: 3
Added remark from admin to stage: 4
Added remark from admin to stage: 5
Added remark from admin to stage: 6
Added remark from admin to stage: 7
]]></system-out>
  </testcase>
  <testcase name="completeStages" classname="tests.AdminSplitOrderFlowTest" time="1.221">
    <system-out><![CDATA[Completing stages for orderId = 3105
Completing stages for orderId = 3105
Completing stages for orderId = 3105
Completing stages for orderId = 3105
Completing stages for orderId = 3105
Completing stages for orderId = 3105
Completing stages for orderId = 3105
]]></system-out>
  </testcase>
  <testcase name="addAttachments" classname="tests.AdminSplitOrderFlowTest" time="0.762">
    <system-out><![CDATA[Added attachment from admin to stage: 2
Added attachment from admin to stage: 3
Added attachment from admin to stage: 4
Added attachment from admin to stage: 5
Added attachment from admin to stage: 6
Added attachment from admin to stage: 7
]]></system-out>
  </testcase>
  <testcase name="verifyCompletion" classname="tests.AdminSplitOrderFlowTest" time="2.381">
    <system-out><![CDATA[Order found in completed. Customer Name: Yadhi Automation
]]></system-out>
  </testcase>
  <testcase name="createOrder" classname="tests.AdminAssigneeOrderFlowTest" time="2.509">
    <system-out><![CDATA[
=========================================================
Starting Flow: ADMIN ASIGNEE ORDER FLOW TEST
=========================================================

Login Successfully with Admin Email:divyaadmin@yopmail.com
Create Status Code: 201
Create Customer Response:
{"customerName":"Mehak Automation","customerCode":"CUST7890","workflowId":5,"organizationId":8,"region":"MADHYA PRADESH","soQuantity":1000,"umo":"Kg","soDate":"2025-06-17T09:00:00.000Z","singleRollW":50,"filmType":"LDPE","soNumber":"ORD123456","length":200,"width":120,"coreId":"76","od":45,"noOfRolls":25,"destination":"Indore Distribution Center","salesOrderLineNumber":"SO/9821","packagingType":"Shrink Wrap","salesCategory":"Industrial","grade":"A+","promiseDay":"2025-06-20T09:00:00.000Z","palletType":"Euro","requestDate":"2025-06-17T09:00:00.000Z","consigneeDetails":"Indore Warehouse A1","palletTier":"2","currentStage":1,"createdBy":"897006fd-ac75-425f-991a-f9edc3db7241","assignee":["897006fd-ac75-425f-991a-f9edc3db7241"],"customerOrganizationName":"Kestrel Industries Pvt. Ltd.","headerId":null,"lineId":null,"endDate":null,"splittedAt":null,"isSplitted":null,"parentId":null,"remarks":"","orderStatus":"","orderLineStatus":"","collectorName":"","id":3106,"status":"QUEUED","startDate":"2025-08-04T00:00:00.000Z","createdAt":"2025-08-04T09:11:43.639Z","updatedAt":"2025-08-04T09:11:43.639Z","timeData":{}}
Order ID: 3106
Customer found in queue. Customer Name: Mehak Automation
]]></system-out>
  </testcase>
  <testcase name="splitOrder" classname="tests.AdminAssigneeOrderFlowTest" time="0.104"/>
  <testcase name="updateTAT" classname="tests.AdminAssigneeOrderFlowTest" time="2.238">
    <system-out><![CDATA[TAT Update Status Code: 200
]]></system-out>
  </testcase>
  <testcase name="addAndAssignUsers" classname="tests.AdminAssigneeOrderFlowTest" time="2.934">
    <system-out><![CDATA[New Member User ID: ad2a04af-4e07-4d1b-b8c8-73ed463aa402
Assigned user to stage: 2, Email: testuser_1754298652807@yopmail.com
Assigned user to stage: 3, Email: testuser_1754298652807@yopmail.com
Assigned user to stage: 4, Email: testuser_1754298652807@yopmail.com
Assigned user to stage: 5, Email: testuser_1754298652807@yopmail.com
Assigned user to stage: 6, Email: testuser_1754298652807@yopmail.com
Assigned user to stage: 7, Email: testuser_1754298652807@yopmail.com
]]></system-out>
  </testcase>
  <testcase name="addRemarks" classname="tests.AdminAssigneeOrderFlowTest" time="0.719">
    <system-out><![CDATA[Added remark from admin to stage: 2
Added remark from admin to stage: 3
Added remark from admin to stage: 4
Added remark from admin to stage: 5
Added remark from admin to stage: 6
Added remark from admin to stage: 7
]]></system-out>
  </testcase>
  <testcase name="addAttachments" classname="tests.AdminAssigneeOrderFlowTest" time="1.043">
    <system-out><![CDATA[Added attachment from admin to stage: 2
Added attachment from admin to stage: 3
Added attachment from admin to stage: 4
Added attachment from admin to stage: 5
Added attachment from admin to stage: 6
Added attachment from admin to stage: 7
]]></system-out>
  </testcase>
  <testcase name="switchToAssignedUser" classname="tests.AdminAssigneeOrderFlowTest" time="0.456">
    <system-out><![CDATA[Switched session to assigned user.testuser_1754298652807@yopmail.com
]]></system-out>
  </testcase>
  <testcase name="termAndConditionAssignedUser" classname="tests.AdminAssigneeOrderFlowTest" time="0.21">
    <system-out><![CDATA[Terms accepted
]]></system-out>
  </testcase>
  <testcase name="completeStagesWithRemarksAndAttachments" classname="tests.AdminAssigneeOrderFlowTest" time="10.459">
    <system-out><![CDATA[Added remark from asignee to stage: 2
Added attachment from asignee to stage: 2
Completed stage from asignee: 2
Added remark from asignee to stage: 3
Added attachment from asignee to stage: 3
Completed stage from asignee: 3
Added remark from asignee to stage: 4
Added attachment from asignee to stage: 4
Completed stage from asignee: 4
Added remark from asignee to stage: 5
Added attachment from asignee to stage: 5
Completed stage from asignee: 5
Added remark from asignee to stage: 6
Added attachment from asignee to stage: 6
Completed stage from asignee: 6
Added remark from asignee to stage: 7
Added attachment from asignee to stage: 7
Completed stage from asignee: 7
]]></system-out>
  </testcase>
  <testcase name="createOrder" classname="tests.AdminMultipleAssigneeOrderFlowTest" time="2.894">
    <system-out><![CDATA[
=========================================================
Starting Flow: ADMIN MULTIPLE ASIGNEE ORDER FLOW TEST
=========================================================

Login Successfully with Admin Email: multipleuseradmin@yopmail.com
Create Status Code: 201
Create Customer Response:
{"customerName":"Kay Automation","customerCode":"CUST7890","workflowId":5,"organizationId":8,"region":"MADHYA PRADESH","soQuantity":1000,"umo":"Kg","soDate":"2025-06-17T09:00:00.000Z","singleRollW":50,"filmType":"LDPE","soNumber":"ORD123456","length":200,"width":120,"coreId":"76","od":45,"noOfRolls":25,"destination":"Indore Distribution Center","salesOrderLineNumber":"SO/9821","packagingType":"Shrink Wrap","salesCategory":"Industrial","grade":"A+","promiseDay":"2025-06-20T09:00:00.000Z","palletType":"Euro","requestDate":"2025-06-17T09:00:00.000Z","consigneeDetails":"Indore Warehouse A1","palletTier":"2","currentStage":1,"createdBy":"34bb2c08-3966-41e0-9865-ce645234fee4","assignee":["34bb2c08-3966-41e0-9865-ce645234fee4"],"customerOrganizationName":"Kestrel Industries Pvt. Ltd.","headerId":null,"lineId":null,"endDate":null,"splittedAt":null,"isSplitted":null,"parentId":null,"remarks":"","orderStatus":"","orderLineStatus":"","collectorName":"","id":3107,"status":"QUEUED","startDate":"2025-08-04T00:00:00.000Z","createdAt":"2025-08-04T09:12:08.138Z","updatedAt":"2025-08-04T09:12:08.138Z","timeData":{}}
Order ID: 3107
Customer found in queue. Customer Name: Kay Automation
]]></system-out>
  </testcase>
  <testcase name="splitOrder" classname="tests.AdminMultipleAssigneeOrderFlowTest" time="0.124"/>
  <testcase name="updateTAT" classname="tests.AdminMultipleAssigneeOrderFlowTest" time="2.271">
    <system-out><![CDATA[TAT Update Status Code: 200
]]></system-out>
  </testcase>
  <testcase name="createAndAssignMultipleUsers" classname="tests.AdminMultipleAssigneeOrderFlowTest" time="5.266"/>
  <testcase name="addRemarks" classname="tests.AdminMultipleAssigneeOrderFlowTest" time="162.779">
    <system-out><![CDATA[Added remark from admin to stage: 2
Added remark from admin to stage: 3
Added remark from admin to stage: 4
Added remark from admin to stage: 5
Added remark from admin to stage: 6
Added remark from admin to stage: 7
]]></system-out>
  </testcase>
  <testcase name="addAttachments" classname="tests.AdminMultipleAssigneeOrderFlowTest" time="0.12">
    <system-out><![CDATA[Added attachment from admin to stage: 2
Added attachment from admin to stage: 3
Added attachment from admin to stage: 4
Added attachment from admin to stage: 5
Added attachment from admin to stage: 6
Added attachment from admin to stage: 7
]]></system-out>
  </testcase>
  <testcase name="acceptTermsForAllUsers" classname="tests.AdminMultipleAssigneeOrderFlowTest" time="0.026">
    <system-out><![CDATA[Terms accepted for: assigneeuser1_1754298652839@yopmail.com
Terms accepted for: assigneeuser2_1754298652839@yopmail.com
Terms accepted for: assigneeuser3_1754298652840@yopmail.com
]]></system-out>
  </testcase>
  <testcase name="performStageActionsAsMultipleUsers" classname="tests.AdminMultipleAssigneeOrderFlowTest" time="0.227">
    <system-out><![CDATA[assignee1Email added remark at stage: 2
assignee2Email added attachment at stage: 2
completed by assignee3Email stage: 2
assignee1Email added remark at stage: 3
assignee2Email added attachment at stage: 3
completed by assignee3Email stage: 3
assignee1Email added remark at stage: 4
assignee2Email added attachment at stage: 4
completed by assignee3Email stage: 4
assignee1Email added remark at stage: 5
assignee2Email added attachment at stage: 5
completed by assignee3Email stage: 5
assignee1Email added remark at stage: 6
assignee2Email added attachment at stage: 6
completed by assignee3Email stage: 6
assignee1Email added remark at stage: 7
assignee2Email added attachment at stage: 7
completed by assignee3Email stage: 7
]]></system-out>
  </testcase>
  <testcase name="createOrder" classname="tests.AdminOrderRejectFlowTest" time="0.007">
    <system-out><![CDATA[
=========================================================
Starting Flow: ADMIN ORDER REJECT FLOW TEST
=========================================================

Login Successfully with Admin Email: rejectautomation@yopmail.com
Create Status Code: 201
Create Customer Response:
{"customerName":"Keshav Automation","customerCode":"CUST7890","workflowId":5,"organizationId":8,"region":"MADHYA PRADESH","soQuantity":1000,"umo":"Kg","soDate":"2025-06-17T09:00:00.000Z","singleRollW":50,"filmType":"LDPE","soNumber":"ORD123456","length":200,"width":120,"coreId":"76","od":45,"noOfRolls":25,"destination":"Indore Distribution Center","salesOrderLineNumber":"SO/9821","packagingType":"Shrink Wrap","salesCategory":"Industrial","grade":"A+","promiseDay":"2025-06-20T09:00:00.000Z","palletType":"Euro","requestDate":"2025-06-17T09:00:00.000Z","consigneeDetails":"Indore Warehouse A1","palletTier":"2","currentStage":1,"createdBy":"30c23242-a2f8-4778-8833-c4495dfe4b16","assignee":["30c23242-a2f8-4778-8833-c4495dfe4b16"],"customerOrganizationName":"Kestrel Industries Pvt. Ltd.","headerId":null,"lineId":null,"endDate":null,"splittedAt":null,"isSplitted":null,"parentId":null,"remarks":"","orderStatus":"","orderLineStatus":"","collectorName":"","id":3108,"status":"QUEUED","startDate":"2025-08-04T00:00:00.000Z","createdAt":"2025-08-04T09:12:38.253Z","updatedAt":"2025-08-04T09:12:38.253Z","timeData":{}}
Order ID: 3108
Customer found in queue. Customer Name: Keshav Automation
]]></system-out>
  </testcase>
  <testcase name="splitOrder" classname="tests.AdminOrderRejectFlowTest" time="0.0"/>
  <testcase name="updateTAT" classname="tests.AdminOrderRejectFlowTest" time="0.011">
    <system-out><![CDATA[TAT Update Status Code: 200
]]></system-out>
  </testcase>
  <testcase name="addAndAssignUsers" classname="tests.AdminOrderRejectFlowTest" time="0.038">
    <system-out><![CDATA[New Member User ID: 00e91ec3-2613-428d-89f3-edc65cb187dc
Assigned user to stage: 2, Email: testuser_1754298652865@yopmail.com
Assigned user to stage: 3, Email: testuser_1754298652865@yopmail.com
Assigned user to stage: 4, Email: testuser_1754298652865@yopmail.com
Assigned user to stage: 5, Email: testuser_1754298652865@yopmail.com
Assigned user to stage: 6, Email: testuser_1754298652865@yopmail.com
Assigned user to stage: 7, Email: testuser_1754298652865@yopmail.com
]]></system-out>
  </testcase>
  <testcase name="completeStages" classname="tests.AdminOrderRejectFlowTest" time="0.019">
    <system-out><![CDATA[Completed Stage 2
Rejected Stage 3 with reason
]]></system-out>
  </testcase>
  <testcase name="verifyRejectOrder" classname="tests.AdminOrderRejectFlowTest" time="0.011">
    <system-out><![CDATA[Order found in on time. Customer Name: Keshav Automation
]]></system-out>
  </testcase>
  <testcase name="compareReportUIAndExcelData" classname="tests.ReportValidationTest" time="0.183">
    <system-out><![CDATA[
=========================================================
Starting Flow: REPORT ASSERTION FLOW TEST
=========================================================

UI [Customer Name]: Vasu Automation
UI [Stage Hrs]: 
UI [Stage 1]: --
UI [Stage 2]: 0.0000
UI [Stage 3]: 0.0000
UI [Stage 4]: 0.0000
UI [Stage 5]: 0.0000
UI [Stage 6]: 0.0000
UI [Stage 7]: 0.0000
UI [TAT Duration Hours]: 0.00
UI [Order Allocate Hours]: 288
UI [Difference Hours]: -288.00
UI [Customer Code]: CUST7890
UI [SO Quantity]: 1000
UI [Film Type]: LDPE
UI [SO Number]: ORD123456
UI [Width (mm)]: 120
UI [Region]: MADHYA PRADESH
UI [UOM]: Kg
UI [Single Roll W]: 50
UI [Length]: 200
UI [Core Id (mm)]: 76
UI [OD (mm)]: 45
UI [No Of Rolls]: 25
UI [Destination]: Indore Distribution Center
UI [Consignee Details]: Indore Warehouse A1
UI [Sales Order Line Number]: SO/9821
UI [Packaging Type]: Shrink Wrap
UI [Sales Category]: Industrial
UI [Grade]: A+
UI [Promise Day]: 06/20/2025
UI [Pallet Type]: Euro
UI [Pallet Tier]: 2
Comparing field: Customer Name | Expected: Vasu Automation | Actual: Vasu Automation
Comparing field: Customer Code | Expected: CUST7890 | Actual: CUST7890
Comparing field: Region | Expected: MADHYA PRADESH | Actual: MADHYA PRADESH
Comparing field: SO Quantity | Expected: 1000 | Actual: 1000
Comparing field: UOM | Expected: Kg | Actual: Kg
Comparing field: Single Roll W | Expected: 50 | Actual: 50
Comparing field: Film Type | Expected: LDPE | Actual: LDPE
Comparing field: SO Number | Expected: ORD123456 | Actual: ORD123456
Comparing field: Length | Expected: 200 | Actual: 200
Comparing field: Width (mm) | Expected: 120 | Actual: 120
Comparing field: Core Id (mm) | Expected: 76 | Actual: 76
Comparing field: OD (mm) | Expected: 45 | Actual: 45
Comparing field: Promise Day | Expected: 06/20/2025 | Actual: 06/20/2025
Comparing field: No Of Rolls | Expected: 25 | Actual: 25
Comparing field: Destination | Expected: Indore Distribution Center | Actual: Indore Distribution Center
Comparing field: Sales Order Line Number | Expected: SO/9821 | Actual: SO/9821
Comparing field: Packaging Type | Expected: Shrink Wrap | Actual: Shrink Wrap
Comparing field: Sales Category | Expected: Industrial | Actual: Industrial
Comparing field: Grade | Expected: A+ | Actual: A+
Comparing field: Pallet Type | Expected: Euro | Actual: Euro
Comparing field: Pallet Tier | Expected: 2 | Actual: 2
Comparing field: TAT Duration Hours | Expected: 0 | Actual: 0.00
Comparing field: Order Allocate Hours | Expected: 288 | Actual: 288
Comparing field: Difference Hours | Expected: -288 | Actual: -288.00
Comparing field: Stage 1 | Expected: 0 | Actual: --
Comparing field: Stage 2 | Expected: 0 | Actual: 0.0000
Comparing field: Stage 3 | Expected: 0 | Actual: 0.0000
Comparing field: Stage 4 | Expected: 0 | Actual: 0.0000
Comparing field: Stage 5 | Expected: 0 | Actual: 0.0000
Comparing field: Stage 6 | Expected: 0 | Actual: 0.0000
Comparing field: Stage 7 | Expected: 0 | Actual: 0.0000
All matched fields validated for: Vasu Automation
]]></system-out>
    <system-err><![CDATA[Aug 04, 2025 2:42:51 PM org.openqa.selenium.devtools.CdpVersionFinder findNearestMatch
WARNING: Unable to find CDP implementation matching 138
Aug 04, 2025 2:42:51 PM org.openqa.selenium.chromium.ChromiumDriver lambda$new$5
WARNING: Unable to find version of CDP to use for 138.0.7204.169. You may need to include a dependency on a specific version of the CDP using something similar to `org.seleniumhq.selenium:selenium-devtools-v86:4.27.0` where the version ("v86") matches the version of the chromium-based browser you're using and the version number of the artifact is the same as Selenium's.
ERROR StatusLogger Log4j2 could not find a logging implementation. Please add log4j-core to the classpath. Using SimpleLogger to log to the console...
]]></system-err>
  </testcase>
  <testcase name="testfillAddUser" classname="tests.AddUserTest" time="0.008">
    <system-out><![CDATA[
=========================================================
Starting Flow: ADDING NEW USER TEST
=========================================================

User Added Successfully: testuser_1754298816412@yopmail.com
]]></system-out>
    <system-err><![CDATA[Aug 04, 2025 2:43:18 PM org.openqa.selenium.devtools.CdpVersionFinder findNearestMatch
WARNING: Unable to find CDP implementation matching 138
Aug 04, 2025 2:43:18 PM org.openqa.selenium.chromium.ChromiumDriver lambda$new$5
WARNING: Unable to find version of CDP to use for 138.0.7204.169. You may need to include a dependency on a specific version of the CDP using something similar to `org.seleniumhq.selenium:selenium-devtools-v86:4.27.0` where the version ("v86") matches the version of the chromium-based browser you're using and the version number of the artifact is the same as Selenium's.
]]></system-err>
  </testcase>
</testsuite>