<?xml version="1.0" encoding="UTF-8"?>
<testng-results ignored="0" total="9" passed="9" failed="0" skipped="0">
  <reporter-output>
  </reporter-output>
  <suite started-at="2025-08-05T12:43:49 IST" name="Admin Order Suite" finished-at="2025-08-05T12:44:11 IST" duration-ms="22708">
    <groups>
    </groups>
    <test started-at="2025-08-05T12:43:49 IST" name="End-to-End Admin Asignee Order Flow" finished-at="2025-08-05T12:44:11 IST" duration-ms="22708">
      <class name="tests.StageUpdateTest">
        <test-method signature="updateTAT()[pri:0, instance:tests.StageUpdateTest@6fe595dc]" started-at="2025-08-05T12:43:50 IST" name="updateTAT" finished-at="2025-08-05T12:43:50 IST" duration-ms="722" status="PASS">
          <reporter-output>
          </reporter-output>
        </test-method> <!-- updateTAT -->
      </class> <!-- tests.StageUpdateTest -->
      <class name="tests.RemarkAndAttachmentTest">
        <test-method signature="addAttachments()[pri:0, instance:tests.RemarkAndAttachmentTest@3a8cea24]" started-at="2025-08-05T12:43:53 IST" name="addAttachments" finished-at="2025-08-05T12:43:59 IST" duration-ms="5846" status="PASS">
          <reporter-output>
          </reporter-output>
        </test-method> <!-- addAttachments -->
        <test-method signature="addRemarks()[pri:0, instance:tests.RemarkAndAttachmentTest@3a8cea24]" started-at="2025-08-05T12:43:59 IST" name="addRemarks" finished-at="2025-08-05T12:44:00 IST" duration-ms="777" status="PASS">
          <reporter-output>
          </reporter-output>
        </test-method> <!-- addRemarks -->
      </class> <!-- tests.RemarkAndAttachmentTest -->
      <class name="tests.AssigneeLogin">
        <test-method signature="loginAssignee()[pri:0, instance:tests.AssigneeLogin@298b64f7]" started-at="2025-08-05T12:44:00 IST" name="loginAssignee" finished-at="2025-08-05T12:44:00 IST" duration-ms="459" status="PASS">
          <reporter-output>
          </reporter-output>
        </test-method> <!-- loginAssignee -->
        <test-method signature="acceptTerms()[pri:0, instance:tests.AssigneeLogin@298b64f7]" started-at="2025-08-05T12:44:00 IST" name="acceptTerms" finished-at="2025-08-05T12:44:00 IST" depends-on-methods="tests.AssigneeLogin.loginAssignee" duration-ms="182" status="PASS">
          <reporter-output>
          </reporter-output>
        </test-method> <!-- acceptTerms -->
      </class> <!-- tests.AssigneeLogin -->
      <class name="tests.completeStagesWithAssignee">
        <test-method signature="completeStagesWithDetails()[pri:0, instance:tests.completeStagesWithAssignee@740b6628]" started-at="2025-08-05T12:44:00 IST" name="completeStagesWithDetails" finished-at="2025-08-05T12:44:11 IST" duration-ms="10906" status="PASS">
          <reporter-output>
          </reporter-output>
        </test-method> <!-- completeStagesWithDetails -->
      </class> <!-- tests.completeStagesWithAssignee -->
      <class name="tests.OrderCreationTest">
        <test-method signature="createOrder()[pri:0, instance:tests.OrderCreationTest@72443081]" started-at="2025-08-05T12:43:49 IST" name="createOrder" finished-at="2025-08-05T12:43:50 IST" duration-ms="842" status="PASS">
          <reporter-output>
          </reporter-output>
        </test-method> <!-- createOrder -->
      </class> <!-- tests.OrderCreationTest -->
      <class name="tests.SplitOrderTest">
        <test-method signature="splitOrder()[pri:0, instance:tests.SplitOrderTest@7b2bf745]" started-at="2025-08-05T12:43:50 IST" name="splitOrder" finished-at="2025-08-05T12:43:50 IST" duration-ms="152" status="PASS">
          <reporter-output>
          </reporter-output>
        </test-method> <!-- splitOrder -->
      </class> <!-- tests.SplitOrderTest -->
      <class name="tests.UserAssignmentTest">
        <test-method signature="createUserAndAssignStages()[pri:0, instance:tests.UserAssignmentTest@5af5d76f]" started-at="2025-08-05T12:43:50 IST" name="createUserAndAssignStages" finished-at="2025-08-05T12:43:53 IST" duration-ms="2770" status="PASS">
          <reporter-output>
          </reporter-output>
        </test-method> <!-- createUserAndAssignStages -->
      </class> <!-- tests.UserAssignmentTest -->
    </test> <!-- End-to-End Admin Asignee Order Flow -->
  </suite> <!-- Admin Order Suite -->
</testng-results>
