<?xml version="1.0" encoding="UTF-8"?>
<!-- Generated by org.testng.reporters.JUnitXMLReporter -->
<testsuite ignored="0" hostname="DESKTOP-38Q9L5G" failures="0" tests="11" name="API - Admin Flow" time="19.838" errors="0" timestamp="2025-07-24T16:48:28 IST">
  <testcase classname="tests.AdminOrderFlowTest" name="createOrder" time="2.75"/>
  <testcase classname="tests.AdminOrderFlowTest" name="downloadcompleteOnTimeReportTest" time="0.298"/>
  <testcase classname="tests.AdminOrderFlowTest" name="downloadcompleteWithDelayReportTest" time="0.174"/>
  <testcase classname="tests.AdminOrderFlowTest" name="splitOrder" time="0.132"/>
  <testcase classname="tests.AdminOrderFlowTest" name="updateTAT" time="3.072"/>
  <testcase classname="tests.AdminOrderFlowTest" name="addAndAssignUsers" time="2.814"/>
  <testcase classname="tests.AdminOrderFlowTest" name="addRemarks" time="0.767"/>
  <testcase classname="tests.AdminOrderFlowTest" name="addAttachments" time="0.841"/>
  <testcase classname="tests.AdminOrderFlowTest" name="completeStages" time="3.805"/>
  <testcase classname="tests.AdminOrderFlowTest" name="verifyCompletion" time="2.441"/>
  <testcase classname="tests.AdminOrderFlowTest" name="updateUser" time="0.186"/>
</testsuite> <!-- API - Admin Flow -->
