<?xml version="1.0" encoding="UTF-8"?>
<!-- Generated by org.testng.reporters.JUnitXMLReporter -->
<testsuite ignored="0" hostname="DESKTOP-38Q9L5G" failures="0" tests="6" name="API - Admin Reject Flow" time="12.304" errors="0" timestamp="2025-07-23T16:15:53 IST">
  <testcase classname="tests.AdminOrderRejectFlowTest" name="createOrder" time="2.539"/>
  <testcase classname="tests.AdminOrderRejectFlowTest" name="splitOrder" time="0.113"/>
  <testcase classname="tests.AdminOrderRejectFlowTest" name="updateTAT" time="2.273"/>
  <testcase classname="tests.AdminOrderRejectFlowTest" name="addAndAssignUsers" time="2.427"/>
  <testcase classname="tests.AdminOrderRejectFlowTest" name="completeStages" time="2.368"/>
  <testcase classname="tests.AdminOrderRejectFlowTest" name="verifyRejectOrder" time="2.169"/>
</testsuite> <!-- API - Admin Reject Flow -->
