<?xml version="1.0" encoding="UTF-8"?>
<!-- Generated by org.testng.reporters.JUnitXMLReporter -->
<testsuite ignored="0" hostname="DESKTOP-38Q9L5G" failures="0" tests="10" name="API - Admin Order with Split Flow" time="11.454" errors="0" timestamp="2025-07-24T14:45:16 IST">
  <testcase classname="tests.AdminSplitOrderFlowTest" name="createOrder" time="0.854"/>
  <testcase classname="tests.AdminSplitOrderFlowTest" name="downloadcompleteOnTimeReportTest" time="0.385"/>
  <testcase classname="tests.AdminSplitOrderFlowTest" name="downloadcompleteWithDelayReportTest" time="0.15"/>
  <testcase classname="tests.AdminSplitOrderFlowTest" name="splitOrder" time="0.61"/>
  <testcase classname="tests.AdminSplitOrderFlowTest" name="updateTAT" time="0.276"/>
  <testcase classname="tests.AdminSplitOrderFlowTest" name="addAndAssignUsers" time="2.183"/>
  <testcase classname="tests.AdminSplitOrderFlowTest" name="addRemarks" time="0.689"/>
  <testcase classname="tests.AdminSplitOrderFlowTest" name="completeStages" time="2.673"/>
  <testcase classname="tests.AdminSplitOrderFlowTest" name="addAttachments" time="0.761"/>
  <testcase classname="tests.AdminSplitOrderFlowTest" name="verifyCompletion" time="2.427"/>
</testsuite> <!-- API - Admin Order with Split Flow -->
