<?xml version="1.0" encoding="UTF-8"?>
<!-- Generated by org.testng.reporters.JUnitXMLReporter -->
<testsuite ignored="0" hostname="DESKTOP-38Q9L5G" failures="0" tests="9" name="API - Admin Asignee Flow" time="20.36" errors="0" timestamp="2025-07-24T16:48:48 IST">
  <testcase classname="tests.AdminAssigneeOrderFlowTest" name="createOrder" time="2.591"/>
  <testcase classname="tests.AdminAssigneeOrderFlowTest" name="splitOrder" time="0.13"/>
  <testcase classname="tests.AdminAssigneeOrderFlowTest" name="updateTAT" time="2.288"/>
  <testcase classname="tests.AdminAssigneeOrderFlowTest" name="addAndAssignUsers" time="2.466"/>
  <testcase classname="tests.AdminAssigneeOrderFlowTest" name="addRemarks" time="0.726"/>
  <testcase classname="tests.AdminAssigneeOrderFlowTest" name="addAttachments" time="0.873"/>
  <testcase classname="tests.AdminAssigneeOrderFlowTest" name="switchToAssignedUser" time="0.453"/>
  <testcase classname="tests.AdminAssigneeOrderFlowTest" name="termAndConditionAssignedUser" time="0.156"/>
  <testcase classname="tests.AdminAssigneeOrderFlowTest" name="completeStagesWithRemarksAndAttachments" time="10.259"/>
</testsuite> <!-- API - Admin Asignee Flow -->
