<?xml version="1.0" encoding="UTF-8"?>
<!-- Generated by org.testng.reporters.JUnitXMLReporter -->
<testsuite ignored="0" hostname="DESKTOP-38Q9L5G" failures="0" tests="11" name="API - Admin Flow" time="21.144" errors="0" timestamp="2025-07-23T16:14:38 IST">
  <testcase classname="tests.AdminOrderFlowTest" name="createOrder" time="2.787"/>
  <testcase classname="tests.AdminOrderFlowTest" name="downloadcompleteOnTimeReportTest" time="0.336"/>
  <testcase classname="tests.AdminOrderFlowTest" name="downloadcompleteWithDelayReportTest" time="0.129"/>
  <testcase classname="tests.AdminOrderFlowTest" name="splitOrder" time="0.123"/>
  <testcase classname="tests.AdminOrderFlowTest" name="updateTAT" time="2.809"/>
  <testcase classname="tests.AdminOrderFlowTest" name="addAndAssignUsers" time="2.99"/>
  <testcase classname="tests.AdminOrderFlowTest" name="addRemarks" time="0.799"/>
  <testcase classname="tests.AdminOrderFlowTest" name="addAttachments" time="1.309"/>
  <testcase classname="tests.AdminOrderFlowTest" name="completeStages" time="3.686"/>
  <testcase classname="tests.AdminOrderFlowTest" name="verifyCompletion" time="2.489"/>
  <testcase classname="tests.AdminOrderFlowTest" name="updateUser" time="0.144"/>
</testsuite> <!-- API - Admin Flow -->
