<?xml version="1.0" encoding="UTF-8"?>
<!-- Generated by org.testng.reporters.JUnitXMLReporter -->
<testsuite ignored="0" hostname="DESKTOP-38Q9L5G" failures="0" tests="10" name="API - Admin Order with Split Flow" time="10.021" errors="0" timestamp="2025-07-23T16:15:41 IST">
  <testcase classname="tests.AdminSplitOrderFlowTest" name="createOrder" time="0.564"/>
  <testcase classname="tests.AdminSplitOrderFlowTest" name="downloadcompleteOnTimeReportTest" time="0.215"/>
  <testcase classname="tests.AdminSplitOrderFlowTest" name="downloadcompleteWithDelayReportTest" time="0.282"/>
  <testcase classname="tests.AdminSplitOrderFlowTest" name="splitOrder" time="0.724"/>
  <testcase classname="tests.AdminSplitOrderFlowTest" name="updateTAT" time="0.279"/>
  <testcase classname="tests.AdminSplitOrderFlowTest" name="addAndAssignUsers" time="2.319"/>
  <testcase classname="tests.AdminSplitOrderFlowTest" name="addRemarks" time="0.705"/>
  <testcase classname="tests.AdminSplitOrderFlowTest" name="completeStages" time="1.339"/>
  <testcase classname="tests.AdminSplitOrderFlowTest" name="addAttachments" time="0.758"/>
  <testcase classname="tests.AdminSplitOrderFlowTest" name="verifyCompletion" time="2.38"/>
</testsuite> <!-- API - Admin Order with Split Flow -->
