<?xml version="1.0" encoding="UTF-8"?>
<!-- Generated by org.testng.reporters.JUnitXMLReporter -->
<testsuite ignored="1" hostname="DESKTOP-38Q9L5G" failures="0" tests="1" name="UI - Dashboard After" time="13.126" errors="0" timestamp="2025-07-24T14:45:49 IST">
  <testcase classname="tests.DashboardTest" name="testDashboardCountsAfter" time="8.248"/>
  <testcase classname="tests.DashboardTest" name="testDashboardCountsBefore" time="0.0">
    <ignored/>
  </testcase> <!-- testDashboardCountsBefore -->
</testsuite> <!-- UI - Dashboard After -->
