<?xml version="1.0" encoding="UTF-8"?>
<!-- Generated by org.testng.reporters.JUnitXMLReporter -->
<testsuite ignored="1" hostname="DESKTOP-38Q9L5G" failures="0" tests="1" name="UI - Dashboard Before" time="11.709" errors="0" timestamp="2025-07-23T16:14:17 IST">
  <testcase classname="tests.DashboardTest" name="testDashboardCountsBefore" time="6.629"/>
  <testcase classname="tests.DashboardTest" name="testDashboardCountsAfter" time="0.0">
    <ignored/>
  </testcase> <!-- testDashboardCountsAfter -->
</testsuite> <!-- UI - Dashboard Before -->
