<?xml version="1.0" encoding="UTF-8"?>
<!-- Generated by org.testng.reporters.JUnitXMLReporter -->
<testsuite ignored="0" hostname="DESKTOP-38Q9L5G" failures="0" tests="9" name="Admin Order Flow with Workflow Open" time="121.045" errors="0" timestamp="2025-08-12T18:00:46 IST">
  <testcase classname="tests.WorkflowOpenStagesTest" name="workflowOpenForAllStages" time="92.548"/>
  <testcase classname="tests.WorkflowOpenAPITest" name="createOrder" time="4.44"/>
  <testcase classname="tests.WorkflowOpenAPITest" name="splitOrder" time="0.171"/>
  <testcase classname="tests.WorkflowOpenAPITest" name="updateTAT" time="5.68"/>
  <testcase classname="tests.WorkflowOpenAPITest" name="addAndAssignUsers" time="1.068"/>
  <testcase classname="tests.WorkflowOpenAPITest" name="addRemarks" time="0.546"/>
  <testcase classname="tests.WorkflowOpenAPITest" name="addAttachments" time="0.816"/>
  <testcase classname="tests.WorkflowOpenAPITest" name="completeStages" time="2.891"/>
  <testcase classname="tests.WorkflowOpenAPITest" name="verifyCompletion" time="3.635"/>
</testsuite> <!-- Admin Order Flow with Workflow Open -->
