<?xml version="1.0" encoding="UTF-8"?>
<!-- Generated by org.testng.reporters.JUnitXMLReporter -->
<testsuite ignored="0" hostname="DESKTOP-38Q9L5G" failures="0" tests="9" name="End-to-End Admin Asignee Order Flow" time="21.853" errors="0" timestamp="2025-08-21T12:46:46 IST">
  <testcase classname="tests.OrderCreationTest" name="createOrder" time="1.899"/>
  <testcase classname="tests.SplitOrderTest" name="splitOrder" time="0.21"/>
  <testcase classname="tests.StageUpdateTest" name="updateTAT" time="0.851"/>
  <testcase classname="tests.UserAssignmentTest" name="createUserAndAssignStages" time="3.987"/>
  <testcase classname="tests.RemarkAndAttachmentTest" name="addAttachments" time="1.082"/>
  <testcase classname="tests.RemarkAndAttachmentTest" name="addRemarks" time="0.891"/>
  <testcase classname="tests.AssigneeLogin" name="loginAssignee" time="0.496"/>
  <testcase classname="tests.AssigneeLogin" name="acceptTerms" time="0.207"/>
  <testcase classname="tests.completeStagesWithAssignee" name="completeStagesWithDetails" time="12.038"/>
</testsuite> <!-- End-to-End Admin Asignee Order Flow -->
