<?xml version="1.0" encoding="UTF-8"?>
<!-- Generated by org.testng.reporters.JUnitXMLReporter -->
<testsuite ignored="0" hostname="DESKTOP-38Q9L5G" failures="0" tests="9" name="End-to-End Admin Asignee Order Flow" time="16.74" errors="0" timestamp="2025-06-25T16:23:26 IST">
  <testcase classname="tests.OrderCreationTest" name="createOrder" time="1.223"/>
  <testcase classname="tests.SplitOrderTest" name="splitOrder" time="0.149"/>
  <testcase classname="tests.StageUpdateTest" name="updateTAT" time="0.862"/>
  <testcase classname="tests.UserAssignmentTest" name="createUserAndAssignStages" time="2.497"/>
  <testcase classname="tests.RemarkAndAttachmentTest" name="addAttachments" time="0.775"/>
  <testcase classname="tests.RemarkAndAttachmentTest" name="addRemarks" time="0.725"/>
  <testcase classname="tests.AssigneeLogin" name="loginAssignee" time="0.416"/>
  <testcase classname="tests.AssigneeLogin" name="acceptTerms" time="0.165"/>
  <testcase classname="tests.completeStagesWithAssignee" name="completeStagesWithDetails" time="9.844"/>
</testsuite> <!-- End-to-End Admin Asignee Order Flow -->
