<?xml version="1.0" encoding="UTF-8"?>
<!-- Generated by org.testng.reporters.JUnitXMLReporter -->
<testsuite ignored="0" hostname="DESKTOP-38Q9L5G" failures="0" tests="11" name="End-to-End Admin Order Flow" time="15.279" errors="0" timestamp="2025-07-02T12:27:34 IST">
  <testcase classname="tests.OrderCreationTest" name="createOrder" time="1.829"/>
  <testcase classname="tests.SplittedOrderTest" name="splitOrder" time="1.286"/>
  <testcase classname="tests.StageUpdateTest" name="updateTAT" time="0.598"/>
  <testcase classname="tests.UserAssignmentTest" name="createUserAndAssignStages" time="3.269"/>
  <testcase classname="tests.RemarkAndAttachmentTest" name="addAttachments" time="1.108"/>
  <testcase classname="tests.RemarkAndAttachmentTest" name="addRemarks" time="1.153"/>
  <testcase classname="tests.StageCompletionTest" name="completeStages" time="1.62"/>
  <testcase classname="tests.StageCompletionTest" name="verifyCompletion" time="2.607"/>
  <testcase classname="tests.ReportDownloadTest" name="downloadCompleteOnTimeReport" time="1.122"/>
  <testcase classname="tests.ReportDownloadTest" name="downloadCompleteWithDelayReport" time="0.378"/>
  <testcase classname="tests.UserUpdateTest" name="updateUser" time="0.186"/>
</testsuite> <!-- End-to-End Admin Order Flow -->
