<?xml version="1.0" encoding="UTF-8"?>
<!-- Generated by org.testng.reporters.JUnitXMLReporter -->
<testsuite ignored="0" hostname="DESKTOP-38Q9L5G" failures="0" tests="11" name="End-to-End Order Flow" time="9.423" errors="0" timestamp="2025-06-25T15:15:06 IST">
  <testcase classname="tests.OrderCreationTest" name="createOrder" time="1.256"/>
  <testcase classname="tests.SplitOrderTest" name="splitOrder" time="0.165"/>
  <testcase classname="tests.StageUpdateTest" name="updateTAT" time="0.882"/>
  <testcase classname="tests.UserAssignmentTest" name="createUserAndAssignStages" time="2.518"/>
  <testcase classname="tests.RemarkAndAttachmentTest" name="addAttachments" time="0.994"/>
  <testcase classname="tests.RemarkAndAttachmentTest" name="addRemarks" time="0.714"/>
  <testcase classname="tests.StageCompletionTest" name="completeStages" time="1.24"/>
  <testcase classname="tests.StageCompletionTest" name="verifyCompletion" time="0.34"/>
  <testcase classname="tests.ReportDownloadTest" name="downloadCompleteOnTimeReport" time="0.888"/>
  <testcase classname="tests.ReportDownloadTest" name="downloadCompleteWithDelayReport" time="0.117"/>
  <testcase classname="tests.UserUpdateTest" name="updateUser" time="0.201"/>
</testsuite> <!-- End-to-End Order Flow -->
