<?xml version="1.0" encoding="UTF-8"?>
<!-- Generated by org.testng.reporters.JUnitXMLReporter -->
<testsuite ignored="0" hostname="DESKTOP-38Q9L5G" failures="0" tests="11" name="End-to-End Admin Order Flow" time="13.945" errors="0" timestamp="2025-08-21T12:46:03 IST">
  <testcase classname="tests.OrderCreationTest" name="createOrder" time="1.127"/>
  <testcase classname="tests.SplitOrderTest" name="splitOrder" time="0.23"/>
  <testcase classname="tests.StageUpdateTest" name="updateTAT" time="0.512"/>
  <testcase classname="tests.UserAssignmentTest" name="createUserAndAssignStages" time="3.727"/>
  <testcase classname="tests.RemarkAndAttachmentTest" name="addAttachments" time="1.004"/>
  <testcase classname="tests.RemarkAndAttachmentTest" name="addRemarks" time="0.959"/>
  <testcase classname="tests.StageCompletionTest" name="completeStages" time="2.127"/>
  <testcase classname="tests.StageCompletionTest" name="verifyCompletion" time="2.938"/>
  <testcase classname="tests.ReportDownloadTest" name="downloadCompleteOnTimeReport" time="0.809"/>
  <testcase classname="tests.ReportDownloadTest" name="downloadCompleteWithDelayReport" time="0.167"/>
  <testcase classname="tests.UserUpdateTest" name="updateUser" time="0.183"/>
</testsuite> <!-- End-to-End Admin Order Flow -->
