<?xml version="1.0" encoding="UTF-8"?>
<testng-results ignored="0" total="12" passed="12" failed="0" skipped="0">
  <reporter-output>
  </reporter-output>
  <suite started-at="2025-09-10T13:23:55 IST" name="Default suite" finished-at="2025-09-10T13:24:50 IST" duration-ms="55210">
    <groups>
    </groups>
    <test started-at="2025-09-10T13:23:55 IST" name="Default test" finished-at="2025-09-10T13:24:50 IST" duration-ms="55210">
      <class name="tests.ActiveInactiveUserOnTimeHybridTest">
        <test-method is-config="true" signature="setUp()[pri:0, instance:tests.ActiveInactiveUserOnTimeHybridTest@6fa51cd4]" started-at="2025-09-10T13:23:55 IST" name="setUp" finished-at="2025-09-10T13:24:00 IST" duration-ms="4824" status="PASS">
          <reporter-output>
          </reporter-output>
        </test-method> <!-- setUp -->
        <test-method is-config="true" signature="setup()[pri:0, instance:tests.ActiveInactiveUserOnTimeHybridTest@6fa51cd4]" started-at="2025-09-10T13:24:00 IST" name="setup" finished-at="2025-09-10T13:24:03 IST" duration-ms="3678" status="PASS">
          <reporter-output>
          </reporter-output>
        </test-method> <!-- setup -->
        <test-method signature="createOrderAPI()[pri:0, instance:tests.ActiveInactiveUserOnTimeHybridTest@6fa51cd4]" started-at="2025-09-10T13:24:03 IST" name="createOrderAPI" finished-at="2025-09-10T13:24:06 IST" duration-ms="2748" status="PASS">
          <reporter-output>
          </reporter-output>
        </test-method> <!-- createOrderAPI -->
        <test-method signature="verifyOrderInUI()[pri:0, instance:tests.ActiveInactiveUserOnTimeHybridTest@6fa51cd4]" started-at="2025-09-10T13:24:06 IST" name="verifyOrderInUI" finished-at="2025-09-10T13:24:20 IST" depends-on-methods="tests.ActiveInactiveUserOnTimeHybridTest.createOrderAPI" duration-ms="13973" status="PASS">
          <reporter-output>
          </reporter-output>
        </test-method> <!-- verifyOrderInUI -->
        <test-method signature="splitOrder()[pri:0, instance:tests.ActiveInactiveUserOnTimeHybridTest@6fa51cd4]" started-at="2025-09-10T13:24:20 IST" name="splitOrder" finished-at="2025-09-10T13:24:21 IST" depends-on-methods="tests.ActiveInactiveUserOnTimeHybridTest.verifyOrderInUI" duration-ms="503" status="PASS">
          <reporter-output>
          </reporter-output>
        </test-method> <!-- splitOrder -->
        <test-method signature="updateTAT()[pri:0, instance:tests.ActiveInactiveUserOnTimeHybridTest@6fa51cd4]" started-at="2025-09-10T13:24:21 IST" name="updateTAT" finished-at="2025-09-10T13:24:23 IST" depends-on-methods="tests.ActiveInactiveUserOnTimeHybridTest.splitOrder" duration-ms="2345" status="PASS">
          <reporter-output>
          </reporter-output>
        </test-method> <!-- updateTAT -->
        <test-method signature="addAndAssignUsers()[pri:0, instance:tests.ActiveInactiveUserOnTimeHybridTest@6fa51cd4]" started-at="2025-09-10T13:24:23 IST" name="addAndAssignUsers" finished-at="2025-09-10T13:24:26 IST" depends-on-methods="tests.ActiveInactiveUserOnTimeHybridTest.updateTAT" duration-ms="2769" status="PASS">
          <reporter-output>
          </reporter-output>
        </test-method> <!-- addAndAssignUsers -->
        <test-method signature="completeStagesWithRemarksAndAttachments()[pri:0, instance:tests.ActiveInactiveUserOnTimeHybridTest@6fa51cd4]" started-at="2025-09-10T13:24:26 IST" name="completeStagesWithRemarksAndAttachments" finished-at="2025-09-10T13:24:29 IST" depends-on-methods="tests.ActiveInactiveUserOnTimeHybridTest.addAndAssignUsers" duration-ms="3654" status="PASS">
          <reporter-output>
          </reporter-output>
        </test-method> <!-- completeStagesWithRemarksAndAttachments -->
        <test-method signature="verifyOrderInUIOnTime()[pri:0, instance:tests.ActiveInactiveUserOnTimeHybridTest@6fa51cd4]" started-at="2025-09-10T13:24:29 IST" name="verifyOrderInUIOnTime" finished-at="2025-09-10T13:24:42 IST" depends-on-methods="tests.ActiveInactiveUserOnTimeHybridTest.completeStagesWithRemarksAndAttachments" duration-ms="12917" status="PASS">
          <reporter-output>
          </reporter-output>
        </test-method> <!-- verifyOrderInUIOnTime -->
        <test-method signature="deactivateUser()[pri:0, instance:tests.ActiveInactiveUserOnTimeHybridTest@6fa51cd4]" started-at="2025-09-10T13:24:42 IST" name="deactivateUser" finished-at="2025-09-10T13:24:43 IST" depends-on-methods="tests.ActiveInactiveUserOnTimeHybridTest.verifyOrderInUIOnTime" duration-ms="202" status="PASS">
          <reporter-output>
          </reporter-output>
        </test-method> <!-- deactivateUser -->
        <test-method signature="verifyDeactivatedUserIsInInactiveList()[pri:0, instance:tests.ActiveInactiveUserOnTimeHybridTest@6fa51cd4]" started-at="2025-09-10T13:24:43 IST" name="verifyDeactivatedUserIsInInactiveList" finished-at="2025-09-10T13:24:43 IST" depends-on-methods="tests.ActiveInactiveUserOnTimeHybridTest.deactivateUser" duration-ms="131" status="PASS">
          <reporter-output>
          </reporter-output>
        </test-method> <!-- verifyDeactivatedUserIsInInactiveList -->
        <test-method signature="verifyOrderInactiveUserViaUI()[pri:0, instance:tests.ActiveInactiveUserOnTimeHybridTest@6fa51cd4]" started-at="2025-09-10T13:24:43 IST" name="verifyOrderInactiveUserViaUI" finished-at="2025-09-10T13:24:49 IST" depends-on-methods="tests.ActiveInactiveUserOnTimeHybridTest.verifyDeactivatedUserIsInInactiveList" duration-ms="6363" status="PASS">
          <reporter-output>
          </reporter-output>
        </test-method> <!-- verifyOrderInactiveUserViaUI -->
        <test-method signature="verifyStageAssignees()[pri:0, instance:tests.ActiveInactiveUserOnTimeHybridTest@6fa51cd4]" started-at="2025-09-10T13:24:49 IST" name="verifyStageAssignees" finished-at="2025-09-10T13:24:50 IST" depends-on-methods="tests.ActiveInactiveUserOnTimeHybridTest.verifyOrderInactiveUserViaUI" duration-ms="450" status="PASS">
          <reporter-output>
          </reporter-output>
        </test-method> <!-- verifyStageAssignees -->
        <test-method signature="activateUser()[pri:0, instance:tests.ActiveInactiveUserOnTimeHybridTest@6fa51cd4]" started-at="2025-09-10T13:24:50 IST" name="activateUser" finished-at="2025-09-10T13:24:50 IST" depends-on-methods="tests.ActiveInactiveUserOnTimeHybridTest.verifyStageAssignees" duration-ms="217" status="PASS">
          <reporter-output>
          </reporter-output>
        </test-method> <!-- activateUser -->
        <test-method is-config="true" signature="tearDown()[pri:0, instance:tests.ActiveInactiveUserOnTimeHybridTest@6fa51cd4]" started-at="2025-09-10T13:24:50 IST" name="tearDown" finished-at="2025-09-10T13:24:50 IST" duration-ms="337" status="PASS">
          <reporter-output>
          </reporter-output>
        </test-method> <!-- tearDown -->
      </class> <!-- tests.ActiveInactiveUserOnTimeHybridTest -->
    </test> <!-- Default test -->
  </suite> <!-- Default suite -->
</testng-results>
