<?xml version="1.0" encoding="UTF-8"?>
<testng-results ignored="0" total="15" passed="15" failed="0" skipped="0">
  <reporter-output>
  </reporter-output>
  <suite started-at="2025-08-26T15:10:32 IST" name="Default suite" finished-at="2025-08-26T15:11:30 IST" duration-ms="57813">
    <groups>
    </groups>
    <test started-at="2025-08-26T15:10:32 IST" name="Default test" finished-at="2025-08-26T15:11:30 IST" duration-ms="57813">
      <class name="tests.ActiveInactiveUserHybridTest">
        <test-method is-config="true" signature="setUp()[pri:0, instance:tests.ActiveInactiveUserHybridTest@5386659f]" started-at="2025-08-26T15:10:32 IST" name="setUp" finished-at="2025-08-26T15:10:36 IST" duration-ms="3452" status="PASS">
          <reporter-output>
          </reporter-output>
        </test-method> <!-- setUp -->
        <test-method is-config="true" signature="setup()[pri:0, instance:tests.ActiveInactiveUserHybridTest@5386659f]" started-at="2025-08-26T15:10:36 IST" name="setup" finished-at="2025-08-26T15:10:39 IST" duration-ms="3663" status="PASS">
          <reporter-output>
          </reporter-output>
        </test-method> <!-- setup -->
        <test-method signature="createOrderAPI()[pri:0, instance:tests.ActiveInactiveUserHybridTest@5386659f]" started-at="2025-08-26T15:10:39 IST" name="createOrderAPI" finished-at="2025-08-26T15:10:41 IST" duration-ms="1184" status="PASS">
          <reporter-output>
          </reporter-output>
        </test-method> <!-- createOrderAPI -->
        <test-method signature="verifyOrderInUI()[pri:0, instance:tests.ActiveInactiveUserHybridTest@5386659f]" started-at="2025-08-26T15:10:41 IST" name="verifyOrderInUI" finished-at="2025-08-26T15:10:54 IST" depends-on-methods="tests.ActiveInactiveUserHybridTest.createOrderAPI" duration-ms="13360" status="PASS">
          <reporter-output>
          </reporter-output>
        </test-method> <!-- verifyOrderInUI -->
        <test-method signature="splitOrder()[pri:0, instance:tests.ActiveInactiveUserHybridTest@5386659f]" started-at="2025-08-26T15:10:54 IST" name="splitOrder" finished-at="2025-08-26T15:10:54 IST" depends-on-methods="tests.ActiveInactiveUserHybridTest.verifyOrderInUI" duration-ms="410" status="PASS">
          <reporter-output>
          </reporter-output>
        </test-method> <!-- splitOrder -->
        <test-method signature="updateTAT()[pri:0, instance:tests.ActiveInactiveUserHybridTest@5386659f]" started-at="2025-08-26T15:10:54 IST" name="updateTAT" finished-at="2025-08-26T15:10:58 IST" depends-on-methods="tests.ActiveInactiveUserHybridTest.splitOrder" duration-ms="3658" status="PASS">
          <reporter-output>
          </reporter-output>
        </test-method> <!-- updateTAT -->
        <test-method signature="addAndAssignUsers()[pri:0, instance:tests.ActiveInactiveUserHybridTest@5386659f]" started-at="2025-08-26T15:10:58 IST" name="addAndAssignUsers" finished-at="2025-08-26T15:11:00 IST" depends-on-methods="tests.ActiveInactiveUserHybridTest.updateTAT" duration-ms="2042" status="PASS">
          <reporter-output>
          </reporter-output>
        </test-method> <!-- addAndAssignUsers -->
        <test-method signature="switchToAssignedUser()[pri:0, instance:tests.ActiveInactiveUserHybridTest@5386659f]" started-at="2025-08-26T15:11:00 IST" name="switchToAssignedUser" finished-at="2025-08-26T15:11:01 IST" depends-on-methods="tests.ActiveInactiveUserHybridTest.addAndAssignUsers" duration-ms="445" status="PASS">
          <reporter-output>
          </reporter-output>
        </test-method> <!-- switchToAssignedUser -->
        <test-method signature="completeStagesWithRemarksAndAttachments()[pri:0, instance:tests.ActiveInactiveUserHybridTest@5386659f]" started-at="2025-08-26T15:11:01 IST" name="completeStagesWithRemarksAndAttachments" finished-at="2025-08-26T15:11:09 IST" depends-on-methods="tests.ActiveInactiveUserHybridTest.switchToAssignedUser" duration-ms="8890" status="PASS">
          <reporter-output>
          </reporter-output>
        </test-method> <!-- completeStagesWithRemarksAndAttachments -->
        <test-method signature="switchToAdmin()[pri:0, instance:tests.ActiveInactiveUserHybridTest@5386659f]" started-at="2025-08-26T15:11:09 IST" name="switchToAdmin" finished-at="2025-08-26T15:11:10 IST" depends-on-methods="tests.ActiveInactiveUserHybridTest.completeStagesWithRemarksAndAttachments" duration-ms="443" status="PASS">
          <reporter-output>
          </reporter-output>
        </test-method> <!-- switchToAdmin -->
        <test-method signature="verifyOrderInUICompleted()[pri:0, instance:tests.ActiveInactiveUserHybridTest@5386659f]" started-at="2025-08-26T15:11:10 IST" name="verifyOrderInUICompleted" finished-at="2025-08-26T15:11:22 IST" depends-on-methods="tests.ActiveInactiveUserHybridTest.switchToAdmin" duration-ms="12055" status="PASS">
          <reporter-output>
          </reporter-output>
        </test-method> <!-- verifyOrderInUICompleted -->
        <test-method signature="deactivateUser()[pri:0, instance:tests.ActiveInactiveUserHybridTest@5386659f]" started-at="2025-08-26T15:11:22 IST" name="deactivateUser" finished-at="2025-08-26T15:11:22 IST" depends-on-methods="tests.ActiveInactiveUserHybridTest.verifyOrderInUICompleted" duration-ms="188" status="PASS">
          <reporter-output>
          </reporter-output>
        </test-method> <!-- deactivateUser -->
        <test-method signature="verifyDeactivatedUserIsInInactiveList()[pri:0, instance:tests.ActiveInactiveUserHybridTest@5386659f]" started-at="2025-08-26T15:11:22 IST" name="verifyDeactivatedUserIsInInactiveList" finished-at="2025-08-26T15:11:22 IST" depends-on-methods="tests.ActiveInactiveUserHybridTest.deactivateUser" duration-ms="128" status="PASS">
          <reporter-output>
          </reporter-output>
        </test-method> <!-- verifyDeactivatedUserIsInInactiveList -->
        <test-method signature="verifyOrderInactiveUserViaUI()[pri:0, instance:tests.ActiveInactiveUserHybridTest@5386659f]" started-at="2025-08-26T15:11:22 IST" name="verifyOrderInactiveUserViaUI" finished-at="2025-08-26T15:11:28 IST" depends-on-methods="tests.ActiveInactiveUserHybridTest.verifyDeactivatedUserIsInInactiveList" duration-ms="6163" status="PASS">
          <reporter-output>
          </reporter-output>
        </test-method> <!-- verifyOrderInactiveUserViaUI -->
        <test-method signature="switchToAssigneeDeactivated()[pri:0, instance:tests.ActiveInactiveUserHybridTest@5386659f]" started-at="2025-08-26T15:11:28 IST" name="switchToAssigneeDeactivated" finished-at="2025-08-26T15:11:29 IST" depends-on-methods="tests.ActiveInactiveUserHybridTest.verifyOrderInactiveUserViaUI" duration-ms="407" status="PASS">
          <reporter-output>
          </reporter-output>
        </test-method> <!-- switchToAssigneeDeactivated -->
        <test-method signature="switchToAdminForActivationUser()[pri:0, instance:tests.ActiveInactiveUserHybridTest@5386659f]" started-at="2025-08-26T15:11:29 IST" name="switchToAdminForActivationUser" finished-at="2025-08-26T15:11:30 IST" depends-on-methods="tests.ActiveInactiveUserHybridTest.switchToAssigneeDeactivated" duration-ms="730" status="PASS">
          <reporter-output>
          </reporter-output>
        </test-method> <!-- switchToAdminForActivationUser -->
        <test-method signature="activateUser()[pri:0, instance:tests.ActiveInactiveUserHybridTest@5386659f]" started-at="2025-08-26T15:11:30 IST" name="activateUser" finished-at="2025-08-26T15:11:30 IST" depends-on-methods="tests.ActiveInactiveUserHybridTest.switchToAdminForActivationUser" duration-ms="151" status="PASS">
          <reporter-output>
          </reporter-output>
        </test-method> <!-- activateUser -->
        <test-method is-config="true" signature="tearDown()[pri:0, instance:tests.ActiveInactiveUserHybridTest@5386659f]" started-at="2025-08-26T15:11:30 IST" name="tearDown" finished-at="2025-08-26T15:11:30 IST" duration-ms="296" status="PASS">
          <reporter-output>
          </reporter-output>
        </test-method> <!-- tearDown -->
      </class> <!-- tests.ActiveInactiveUserHybridTest -->
    </test> <!-- Default test -->
  </suite> <!-- Default suite -->
</testng-results>
