<?xml version="1.0" encoding="UTF-8"?>
<testng-results ignored="0" total="9" passed="9" failed="0" skipped="0">
  <reporter-output>
  </reporter-output>
  <suite started-at="2025-08-13T12:37:08 IST" name="Admin Order Suite" finished-at="2025-08-13T12:39:12 IST" duration-ms="124487">
    <groups>
    </groups>
    <test started-at="2025-08-13T12:37:08 IST" name="Admin Order Flow with Workflow Open" finished-at="2025-08-13T12:39:12 IST" duration-ms="124487">
      <class name="tests.WorkflowCloseStagesAPITest">
        <test-method is-config="true" signature="setupSession()[pri:0, instance:tests.WorkflowCloseStagesAPITest@db57326]" started-at="2025-08-13T12:38:49 IST" name="setupSession" finished-at="2025-08-13T12:38:52 IST" duration-ms="3105" status="PASS">
          <reporter-output>
          </reporter-output>
        </test-method> <!-- setupSession -->
        <test-method signature="createOrder()[pri:0, instance:tests.WorkflowCloseStagesAPITest@db57326]" started-at="2025-08-13T12:38:52 IST" name="createOrder" finished-at="2025-08-13T12:38:57 IST" duration-ms="4319" status="PASS">
          <reporter-output>
          </reporter-output>
        </test-method> <!-- createOrder -->
        <test-method signature="splitOrder()[pri:0, instance:tests.WorkflowCloseStagesAPITest@db57326]" started-at="2025-08-13T12:38:57 IST" name="splitOrder" finished-at="2025-08-13T12:38:57 IST" depends-on-methods="tests.WorkflowCloseStagesAPITest.createOrder" duration-ms="164" status="PASS">
          <reporter-output>
          </reporter-output>
        </test-method> <!-- splitOrder -->
        <test-method signature="updateTAT()[pri:0, instance:tests.WorkflowCloseStagesAPITest@db57326]" started-at="2025-08-13T12:38:57 IST" name="updateTAT" finished-at="2025-08-13T12:39:00 IST" depends-on-methods="tests.WorkflowCloseStagesAPITest.splitOrder" duration-ms="2810" status="PASS">
          <reporter-output>
          </reporter-output>
        </test-method> <!-- updateTAT -->
        <test-method signature="addAndAssignUsers()[pri:0, instance:tests.WorkflowCloseStagesAPITest@db57326]" started-at="2025-08-13T12:39:00 IST" name="addAndAssignUsers" finished-at="2025-08-13T12:39:02 IST" depends-on-methods="tests.WorkflowCloseStagesAPITest.updateTAT" duration-ms="2791" status="PASS">
          <reporter-output>
          </reporter-output>
        </test-method> <!-- addAndAssignUsers -->
        <test-method signature="addRemarks()[pri:0, instance:tests.WorkflowCloseStagesAPITest@db57326]" started-at="2025-08-13T12:39:02 IST" name="addRemarks" finished-at="2025-08-13T12:39:04 IST" depends-on-methods="tests.WorkflowCloseStagesAPITest.addAndAssignUsers" duration-ms="1196" status="PASS">
          <reporter-output>
          </reporter-output>
        </test-method> <!-- addRemarks -->
        <test-method signature="addAttachments()[pri:0, instance:tests.WorkflowCloseStagesAPITest@db57326]" started-at="2025-08-13T12:39:04 IST" name="addAttachments" finished-at="2025-08-13T12:39:05 IST" depends-on-methods="tests.WorkflowCloseStagesAPITest.addRemarks" duration-ms="1399" status="PASS">
          <reporter-output>
          </reporter-output>
        </test-method> <!-- addAttachments -->
        <test-method signature="completeStages()[pri:0, instance:tests.WorkflowCloseStagesAPITest@db57326]" started-at="2025-08-13T12:39:05 IST" name="completeStages" finished-at="2025-08-13T12:39:09 IST" depends-on-methods="tests.WorkflowCloseStagesAPITest.addAttachments" duration-ms="3574" status="PASS">
          <reporter-output>
          </reporter-output>
        </test-method> <!-- completeStages -->
        <test-method signature="verifyCompletion()[pri:0, instance:tests.WorkflowCloseStagesAPITest@db57326]" started-at="2025-08-13T12:39:09 IST" name="verifyCompletion" finished-at="2025-08-13T12:39:12 IST" depends-on-methods="tests.WorkflowCloseStagesAPITest.completeStages" duration-ms="3493" status="PASS">
          <reporter-output>
          </reporter-output>
        </test-method> <!-- verifyCompletion -->
      </class> <!-- tests.WorkflowCloseStagesAPITest -->
      <class name="tests.WorkflowCloseStagesTest">
        <test-method is-config="true" signature="setUp()[pri:0, instance:tests.WorkflowCloseStagesTest@6c0d9d86]" started-at="2025-08-13T12:37:08 IST" name="setUp" finished-at="2025-08-13T12:37:11 IST" duration-ms="3589" status="PASS">
          <reporter-output>
          </reporter-output>
        </test-method> <!-- setUp -->
        <test-method signature="workflowCloseForAllStages()[pri:0, instance:tests.WorkflowCloseStagesTest@6c0d9d86]" started-at="2025-08-13T12:37:11 IST" name="workflowCloseForAllStages" finished-at="2025-08-13T12:38:49 IST" duration-ms="97471" status="PASS">
          <reporter-output>
          </reporter-output>
        </test-method> <!-- workflowCloseForAllStages -->
        <test-method is-config="true" signature="tearDown()[pri:0, instance:tests.WorkflowCloseStagesTest@6c0d9d86]" started-at="2025-08-13T12:38:49 IST" name="tearDown" finished-at="2025-08-13T12:38:49 IST" duration-ms="519" status="PASS">
          <reporter-output>
          </reporter-output>
        </test-method> <!-- tearDown -->
      </class> <!-- tests.WorkflowCloseStagesTest -->
    </test> <!-- Admin Order Flow with Workflow Open -->
  </suite> <!-- Admin Order Suite -->
</testng-results>
