<?xml version="1.0" encoding="UTF-8"?>
<testng-results ignored="0" total="1" passed="1" failed="0" skipped="0">
  <reporter-output>
  </reporter-output>
  <suite started-at="2025-07-31T09:59:06 IST" name="Default suite" finished-at="2025-07-31T09:59:33 IST" duration-ms="26040">
    <groups>
    </groups>
    <test started-at="2025-07-31T09:59:06 IST" name="Default test" finished-at="2025-07-31T09:59:33 IST" duration-ms="26040">
      <class name="tests.ReportValidationTest">
        <test-method is-config="true" signature="setUp()[pri:0, instance:tests.ReportValidationTest@2cf3d63b]" started-at="2025-07-31T09:59:07 IST" name="setUp" finished-at="2025-07-31T09:59:12 IST" duration-ms="5353" status="PASS">
          <reporter-output>
          </reporter-output>
        </test-method> <!-- setUp -->
        <test-method signature="compareReportUIAndExcelData()[pri:0, instance:tests.ReportValidationTest@2cf3d63b]" started-at="2025-07-31T09:59:12 IST" name="compareReportUIAndExcelData" finished-at="2025-07-31T09:59:32 IST" duration-ms="19754" status="PASS">
          <reporter-output>
          </reporter-output>
        </test-method> <!-- compareReportUIAndExcelData -->
        <test-method is-config="true" signature="tearDown()[pri:0, instance:tests.ReportValidationTest@2cf3d63b]" started-at="2025-07-31T09:59:32 IST" name="tearDown" finished-at="2025-07-31T09:59:33 IST" duration-ms="858" status="PASS">
          <reporter-output>
          </reporter-output>
        </test-method> <!-- tearDown -->
      </class> <!-- tests.ReportValidationTest -->
    </test> <!-- Default test -->
  </suite> <!-- Default suite -->
</testng-results>
