<?xml version="1.0" encoding="UTF-8"?>
<testng-results ignored="0" total="8" passed="8" failed="0" skipped="0">
  <reporter-output>
  </reporter-output>
  <suite started-at="2025-08-25T17:46:37 IST" name="Default suite" finished-at="2025-08-25T17:47:26 IST" duration-ms="48525">
    <groups>
    </groups>
    <test started-at="2025-08-25T17:46:37 IST" name="Default test" finished-at="2025-08-25T17:47:26 IST" duration-ms="48525">
      <class name="tests.AdminOrderRejectFlowTest">
        <test-method is-config="true" signature="setUp()[pri:0, instance:tests.AdminOrderRejectFlowTest@353352b6]" started-at="2025-08-25T17:46:37 IST" name="setUp" finished-at="2025-08-25T17:46:41 IST" duration-ms="3848" status="PASS">
          <reporter-output>
          </reporter-output>
        </test-method> <!-- setUp -->
        <test-method is-config="true" signature="setupSession()[pri:0, instance:tests.AdminOrderRejectFlowTest@353352b6]" started-at="2025-08-25T17:46:41 IST" name="setupSession" finished-at="2025-08-25T17:46:46 IST" duration-ms="5641" status="PASS">
          <reporter-output>
          </reporter-output>
        </test-method> <!-- setupSession -->
        <test-method signature="createOrder()[pri:0, instance:tests.AdminOrderRejectFlowTest@353352b6]" started-at="2025-08-25T17:46:47 IST" name="createOrder" finished-at="2025-08-25T17:46:50 IST" duration-ms="3158" status="PASS">
          <reporter-output>
          </reporter-output>
        </test-method> <!-- createOrder -->
        <test-method signature="verifyOrderInUI()[pri:0, instance:tests.AdminOrderRejectFlowTest@353352b6]" started-at="2025-08-25T17:46:50 IST" name="verifyOrderInUI" finished-at="2025-08-25T17:47:02 IST" depends-on-methods="tests.AdminOrderRejectFlowTest.createOrder" duration-ms="12405" status="PASS">
          <reporter-output>
          </reporter-output>
        </test-method> <!-- verifyOrderInUI -->
        <test-method signature="splitOrder()[pri:0, instance:tests.AdminOrderRejectFlowTest@353352b6]" started-at="2025-08-25T17:47:02 IST" name="splitOrder" finished-at="2025-08-25T17:47:02 IST" depends-on-methods="tests.AdminOrderRejectFlowTest.verifyOrderInUI" duration-ms="126" status="PASS">
          <reporter-output>
          </reporter-output>
        </test-method> <!-- splitOrder -->
        <test-method signature="updateTAT()[pri:0, instance:tests.AdminOrderRejectFlowTest@353352b6]" started-at="2025-08-25T17:47:02 IST" name="updateTAT" finished-at="2025-08-25T17:47:05 IST" depends-on-methods="tests.AdminOrderRejectFlowTest.splitOrder" duration-ms="2767" status="PASS">
          <reporter-output>
          </reporter-output>
        </test-method> <!-- updateTAT -->
        <test-method signature="addAndAssignUsers()[pri:0, instance:tests.AdminOrderRejectFlowTest@353352b6]" started-at="2025-08-25T17:47:05 IST" name="addAndAssignUsers" finished-at="2025-08-25T17:47:08 IST" depends-on-methods="tests.AdminOrderRejectFlowTest.updateTAT" duration-ms="3069" status="PASS">
          <reporter-output>
          </reporter-output>
        </test-method> <!-- addAndAssignUsers -->
        <test-method signature="completeStages()[pri:0, instance:tests.AdminOrderRejectFlowTest@353352b6]" started-at="2025-08-25T17:47:08 IST" name="completeStages" finished-at="2025-08-25T17:47:10 IST" depends-on-methods="tests.AdminOrderRejectFlowTest.addAndAssignUsers" duration-ms="2400" status="PASS">
          <reporter-output>
          </reporter-output>
        </test-method> <!-- completeStages -->
        <test-method signature="verifyRejectOrder()[pri:0, instance:tests.AdminOrderRejectFlowTest@353352b6]" started-at="2025-08-25T17:47:10 IST" name="verifyRejectOrder" finished-at="2025-08-25T17:47:13 IST" depends-on-methods="tests.AdminOrderRejectFlowTest.completeStages" duration-ms="2200" status="PASS">
          <reporter-output>
          </reporter-output>
        </test-method> <!-- verifyRejectOrder -->
        <test-method signature="verifyOrderInUICompleted()[pri:0, instance:tests.AdminOrderRejectFlowTest@353352b6]" started-at="2025-08-25T17:47:13 IST" name="verifyOrderInUICompleted" finished-at="2025-08-25T17:47:25 IST" depends-on-methods="tests.AdminOrderRejectFlowTest.verifyRejectOrder" duration-ms="12495" status="PASS">
          <reporter-output>
          </reporter-output>
        </test-method> <!-- verifyOrderInUICompleted -->
        <test-method is-config="true" signature="tearDown()[pri:0, instance:tests.AdminOrderRejectFlowTest@353352b6]" started-at="2025-08-25T17:47:25 IST" name="tearDown" finished-at="2025-08-25T17:47:26 IST" duration-ms="346" status="PASS">
          <reporter-output>
          </reporter-output>
        </test-method> <!-- tearDown -->
      </class> <!-- tests.AdminOrderRejectFlowTest -->
    </test> <!-- Default test -->
  </suite> <!-- Default suite -->
</testng-results>
