<?xml version="1.0" encoding="UTF-8"?>
<testng-results ignored="0" total="9" passed="9" failed="0" skipped="0">
  <reporter-output>
  </reporter-output>
  <suite started-at="2025-08-14T12:41:14 IST" name="Admin Order Suite" finished-at="2025-08-14T12:43:17 IST" duration-ms="122781">
    <groups>
    </groups>
    <test started-at="2025-08-14T12:41:14 IST" name="Admin Order Flow with Workflow Open" finished-at="2025-08-14T12:43:17 IST" duration-ms="122781">
      <class name="tests.WorkflowOpenAPITest">
        <test-method is-config="true" signature="setupSession()[pri:0, instance:tests.WorkflowOpenAPITest@4b14918a]" started-at="2025-08-14T12:42:53 IST" name="setupSession" finished-at="2025-08-14T12:42:57 IST" duration-ms="3589" status="PASS">
          <reporter-output>
          </reporter-output>
        </test-method> <!-- setupSession -->
        <test-method signature="createOrder()[pri:0, instance:tests.WorkflowOpenAPITest@4b14918a]" started-at="2025-08-14T12:42:57 IST" name="createOrder" finished-at="2025-08-14T12:43:01 IST" duration-ms="4762" status="PASS">
          <reporter-output>
          </reporter-output>
        </test-method> <!-- createOrder -->
        <test-method signature="splitOrder()[pri:0, instance:tests.WorkflowOpenAPITest@4b14918a]" started-at="2025-08-14T12:43:01 IST" name="splitOrder" finished-at="2025-08-14T12:43:01 IST" depends-on-methods="tests.WorkflowOpenAPITest.createOrder" duration-ms="148" status="PASS">
          <reporter-output>
          </reporter-output>
        </test-method> <!-- splitOrder -->
        <test-method signature="updateTAT()[pri:0, instance:tests.WorkflowOpenAPITest@4b14918a]" started-at="2025-08-14T12:43:01 IST" name="updateTAT" finished-at="2025-08-14T12:43:08 IST" depends-on-methods="tests.WorkflowOpenAPITest.splitOrder" duration-ms="6296" status="PASS">
          <reporter-output>
          </reporter-output>
        </test-method> <!-- updateTAT -->
        <test-method signature="addAndAssignUsers()[pri:0, instance:tests.WorkflowOpenAPITest@4b14918a]" started-at="2025-08-14T12:43:08 IST" name="addAndAssignUsers" finished-at="2025-08-14T12:43:09 IST" depends-on-methods="tests.WorkflowOpenAPITest.updateTAT" duration-ms="1633" status="PASS">
          <reporter-output>
          </reporter-output>
        </test-method> <!-- addAndAssignUsers -->
        <test-method signature="addRemarks()[pri:0, instance:tests.WorkflowOpenAPITest@4b14918a]" started-at="2025-08-14T12:43:09 IST" name="addRemarks" finished-at="2025-08-14T12:43:10 IST" depends-on-methods="tests.WorkflowOpenAPITest.addAndAssignUsers" duration-ms="578" status="PASS">
          <reporter-output>
          </reporter-output>
        </test-method> <!-- addRemarks -->
        <test-method signature="addAttachments()[pri:0, instance:tests.WorkflowOpenAPITest@4b14918a]" started-at="2025-08-14T12:43:10 IST" name="addAttachments" finished-at="2025-08-14T12:43:11 IST" depends-on-methods="tests.WorkflowOpenAPITest.addRemarks" duration-ms="600" status="PASS">
          <reporter-output>
          </reporter-output>
        </test-method> <!-- addAttachments -->
        <test-method signature="completeStages()[pri:0, instance:tests.WorkflowOpenAPITest@4b14918a]" started-at="2025-08-14T12:43:11 IST" name="completeStages" finished-at="2025-08-14T12:43:14 IST" depends-on-methods="tests.WorkflowOpenAPITest.addAttachments" duration-ms="2893" status="PASS">
          <reporter-output>
          </reporter-output>
        </test-method> <!-- completeStages -->
        <test-method signature="verifyCompletion()[pri:0, instance:tests.WorkflowOpenAPITest@4b14918a]" started-at="2025-08-14T12:43:14 IST" name="verifyCompletion" finished-at="2025-08-14T12:43:17 IST" depends-on-methods="tests.WorkflowOpenAPITest.completeStages" duration-ms="3390" status="PASS">
          <reporter-output>
          </reporter-output>
        </test-method> <!-- verifyCompletion -->
      </class> <!-- tests.WorkflowOpenAPITest -->
      <class name="tests.WorkflowOpenStagesTest">
        <test-method is-config="true" signature="setUp()[pri:0, instance:tests.WorkflowOpenStagesTest@1f3f02ee]" started-at="2025-08-14T12:41:14 IST" name="setUp" finished-at="2025-08-14T12:41:18 IST" duration-ms="3692" status="PASS">
          <reporter-output>
          </reporter-output>
        </test-method> <!-- setUp -->
        <test-method signature="workflowOpenForAllStages()[pri:0, instance:tests.WorkflowOpenStagesTest@1f3f02ee]" started-at="2025-08-14T12:41:18 IST" name="workflowOpenForAllStages" finished-at="2025-08-14T12:42:52 IST" duration-ms="94356" status="PASS">
          <reporter-output>
          </reporter-output>
        </test-method> <!-- workflowOpenForAllStages -->
        <test-method is-config="true" signature="tearDown()[pri:0, instance:tests.WorkflowOpenStagesTest@1f3f02ee]" started-at="2025-08-14T12:42:52 IST" name="tearDown" finished-at="2025-08-14T12:42:53 IST" duration-ms="764" status="PASS">
          <reporter-output>
          </reporter-output>
        </test-method> <!-- tearDown -->
      </class> <!-- tests.WorkflowOpenStagesTest -->
    </test> <!-- Admin Order Flow with Workflow Open -->
  </suite> <!-- Admin Order Suite -->
</testng-results>
