<?xml version="1.0" encoding="UTF-8"?>
<testng-results ignored="0" total="9" passed="9" failed="0" skipped="0">
  <reporter-output>
  </reporter-output>
  <suite started-at="2025-08-12T17:58:45 IST" name="Admin Order Suite" finished-at="2025-08-12T18:00:46 IST" duration-ms="121045">
    <groups>
    </groups>
    <test started-at="2025-08-12T17:58:45 IST" name="Admin Order Flow with Workflow Open" finished-at="2025-08-12T18:00:46 IST" duration-ms="121045">
      <class name="tests.WorkflowOpenAPITest">
        <test-method is-config="true" signature="setupSession()[pri:0, instance:tests.WorkflowOpenAPITest@4b14918a]" started-at="2025-08-12T18:00:23 IST" name="setupSession" finished-at="2025-08-12T18:00:27 IST" duration-ms="3832" status="PASS">
          <reporter-output>
          </reporter-output>
        </test-method> <!-- setupSession -->
        <test-method signature="createOrder()[pri:0, instance:tests.WorkflowOpenAPITest@4b14918a]" started-at="2025-08-12T18:00:27 IST" name="createOrder" finished-at="2025-08-12T18:00:31 IST" duration-ms="4440" status="PASS">
          <reporter-output>
          </reporter-output>
        </test-method> <!-- createOrder -->
        <test-method signature="splitOrder()[pri:0, instance:tests.WorkflowOpenAPITest@4b14918a]" started-at="2025-08-12T18:00:31 IST" name="splitOrder" finished-at="2025-08-12T18:00:31 IST" depends-on-methods="tests.WorkflowOpenAPITest.createOrder" duration-ms="171" status="PASS">
          <reporter-output>
          </reporter-output>
        </test-method> <!-- splitOrder -->
        <test-method signature="updateTAT()[pri:0, instance:tests.WorkflowOpenAPITest@4b14918a]" started-at="2025-08-12T18:00:31 IST" name="updateTAT" finished-at="2025-08-12T18:00:37 IST" depends-on-methods="tests.WorkflowOpenAPITest.splitOrder" duration-ms="5680" status="PASS">
          <reporter-output>
          </reporter-output>
        </test-method> <!-- updateTAT -->
        <test-method signature="addAndAssignUsers()[pri:0, instance:tests.WorkflowOpenAPITest@4b14918a]" started-at="2025-08-12T18:00:37 IST" name="addAndAssignUsers" finished-at="2025-08-12T18:00:38 IST" depends-on-methods="tests.WorkflowOpenAPITest.updateTAT" duration-ms="1068" status="PASS">
          <reporter-output>
          </reporter-output>
        </test-method> <!-- addAndAssignUsers -->
        <test-method signature="addRemarks()[pri:0, instance:tests.WorkflowOpenAPITest@4b14918a]" started-at="2025-08-12T18:00:38 IST" name="addRemarks" finished-at="2025-08-12T18:00:39 IST" depends-on-methods="tests.WorkflowOpenAPITest.addAndAssignUsers" duration-ms="546" status="PASS">
          <reporter-output>
          </reporter-output>
        </test-method> <!-- addRemarks -->
        <test-method signature="addAttachments()[pri:0, instance:tests.WorkflowOpenAPITest@4b14918a]" started-at="2025-08-12T18:00:39 IST" name="addAttachments" finished-at="2025-08-12T18:00:40 IST" depends-on-methods="tests.WorkflowOpenAPITest.addRemarks" duration-ms="816" status="PASS">
          <reporter-output>
          </reporter-output>
        </test-method> <!-- addAttachments -->
        <test-method signature="completeStages()[pri:0, instance:tests.WorkflowOpenAPITest@4b14918a]" started-at="2025-08-12T18:00:40 IST" name="completeStages" finished-at="2025-08-12T18:00:42 IST" depends-on-methods="tests.WorkflowOpenAPITest.addAttachments" duration-ms="2891" status="PASS">
          <reporter-output>
          </reporter-output>
        </test-method> <!-- completeStages -->
        <test-method signature="verifyCompletion()[pri:0, instance:tests.WorkflowOpenAPITest@4b14918a]" started-at="2025-08-12T18:00:42 IST" name="verifyCompletion" finished-at="2025-08-12T18:00:46 IST" depends-on-methods="tests.WorkflowOpenAPITest.completeStages" duration-ms="3635" status="PASS">
          <reporter-output>
          </reporter-output>
        </test-method> <!-- verifyCompletion -->
      </class> <!-- tests.WorkflowOpenAPITest -->
      <class name="tests.WorkflowOpenStagesTest">
        <test-method is-config="true" signature="setUp()[pri:0, instance:tests.WorkflowOpenStagesTest@1f3f02ee]" started-at="2025-08-12T17:58:45 IST" name="setUp" finished-at="2025-08-12T17:58:50 IST" duration-ms="4853" status="PASS">
          <reporter-output>
          </reporter-output>
        </test-method> <!-- setUp -->
        <test-method signature="workflowOpenForAllStages()[pri:0, instance:tests.WorkflowOpenStagesTest@1f3f02ee]" started-at="2025-08-12T17:58:50 IST" name="workflowOpenForAllStages" finished-at="2025-08-12T18:00:23 IST" duration-ms="92548" status="PASS">
          <reporter-output>
          </reporter-output>
        </test-method> <!-- workflowOpenForAllStages -->
        <test-method is-config="true" signature="tearDown()[pri:0, instance:tests.WorkflowOpenStagesTest@1f3f02ee]" started-at="2025-08-12T18:00:23 IST" name="tearDown" finished-at="2025-08-12T18:00:23 IST" duration-ms="501" status="PASS">
          <reporter-output>
          </reporter-output>
        </test-method> <!-- tearDown -->
      </class> <!-- tests.WorkflowOpenStagesTest -->
    </test> <!-- Admin Order Flow with Workflow Open -->
  </suite> <!-- Admin Order Suite -->
</testng-results>
