<?xml version="1.0" encoding="UTF-8"?>
<!-- Generated by org.testng.reporters.JUnitXMLReporter -->
<testsuite ignored="0" hostname="DESKTOP-38Q9L5G" failures="0" tests="34" name="Login Test" time="83.899" errors="0" timestamp="2025-07-17T12:01:25 IST">
  <testcase classname="tests.AdminOrderFlowTest" name="createOrder" time="2.989"/>
  <testcase classname="tests.AdminOrderFlowTest" name="downloadcompleteOnTimeReportTest" time="0.46"/>
  <testcase classname="tests.AdminOrderFlowTest" name="downloadcompleteWithDelayReportTest" time="0.15"/>
  <testcase classname="tests.AdminOrderFlowTest" name="splitOrder" time="0.131"/>
  <testcase classname="tests.AdminOrderFlowTest" name="updateTAT" time="2.618"/>
  <testcase classname="tests.AdminOrderFlowTest" name="addAndAssignUsers" time="3.098"/>
  <testcase classname="tests.AdminOrderFlowTest" name="addRemarks" time="0.672"/>
  <testcase classname="tests.AdminOrderFlowTest" name="addAttachments" time="0.866"/>
  <testcase classname="tests.AdminOrderFlowTest" name="completeStages" time="3.343"/>
  <testcase classname="tests.AdminOrderFlowTest" name="verifyCompletion" time="2.458"/>
  <testcase classname="tests.AdminOrderFlowTest" name="updateUser" time="0.165"/>
  <testcase classname="tests.AdminAssigneeOrderFlowTest" name="createOrder" time="2.601"/>
  <testcase classname="tests.AdminAssigneeOrderFlowTest" name="splitOrder" time="0.39"/>
  <testcase classname="tests.AdminAssigneeOrderFlowTest" name="updateTAT" time="2.287"/>
  <testcase classname="tests.AdminAssigneeOrderFlowTest" name="addAndAssignUsers" time="2.505"/>
  <testcase classname="tests.AdminAssigneeOrderFlowTest" name="addRemarks" time="0.845"/>
  <testcase classname="tests.AdminAssigneeOrderFlowTest" name="addAttachments" time="0.756"/>
  <testcase classname="tests.AdminAssigneeOrderFlowTest" name="switchToAssignedUser" time="0.451"/>
  <testcase classname="tests.AdminAssigneeOrderFlowTest" name="termAndConditionAssignedUser" time="0.204"/>
  <testcase classname="tests.AdminAssigneeOrderFlowTest" name="completeStagesWithRemarksAndAttachments" time="10.335"/>
  <testcase classname="tests.AdminMultipleAssigneeOrderFlowTest" name="createOrder" time="2.822"/>
  <testcase classname="tests.AdminMultipleAssigneeOrderFlowTest" name="splitOrder" time="0.128"/>
  <testcase classname="tests.AdminMultipleAssigneeOrderFlowTest" name="updateTAT" time="2.256"/>
  <testcase classname="tests.AdminMultipleAssigneeOrderFlowTest" name="createAndAssignMultipleUsers" time="5.158"/>
  <testcase classname="tests.AdminMultipleAssigneeOrderFlowTest" name="addRemarks" time="0.678"/>
  <testcase classname="tests.AdminMultipleAssigneeOrderFlowTest" name="addAttachments" time="0.679"/>
  <testcase classname="tests.AdminMultipleAssigneeOrderFlowTest" name="acceptTermsForAllUsers" time="1.788"/>
  <testcase classname="tests.AdminMultipleAssigneeOrderFlowTest" name="performStageActionsAsMultipleUsers" time="16.652"/>
  <testcase classname="tests.AdminOrderRejectFlowTest" name="createOrder" time="2.62"/>
  <testcase classname="tests.AdminOrderRejectFlowTest" name="splitOrder" time="0.109"/>
  <testcase classname="tests.AdminOrderRejectFlowTest" name="updateTAT" time="2.287"/>
  <testcase classname="tests.AdminOrderRejectFlowTest" name="addAndAssignUsers" time="2.04"/>
  <testcase classname="tests.AdminOrderRejectFlowTest" name="completeStages" time="2.369"/>
  <testcase classname="tests.AdminOrderRejectFlowTest" name="verifyRejectOrder" time="2.13"/>
</testsuite> <!-- Login Test -->
