<?xml version="1.0" encoding="UTF-8"?>
<!-- Generated by org.testng.reporters.JUnitXMLReporter -->
<testsuite ignored="0" hostname="DESKTOP-38Q9L5G" failures="0" tests="44" name="Multiple Order Flow Test" time="94.039" errors="0" timestamp="2025-07-21T12:46:54 IST">
  <testcase classname="tests.AdminOrderFlowTest" name="createOrder" time="3.073"/>
  <testcase classname="tests.AdminOrderFlowTest" name="downloadcompleteOnTimeReportTest" time="0.644"/>
  <testcase classname="tests.AdminOrderFlowTest" name="downloadcompleteWithDelayReportTest" time="0.143"/>
  <testcase classname="tests.AdminOrderFlowTest" name="splitOrder" time="0.126"/>
  <testcase classname="tests.AdminOrderFlowTest" name="updateTAT" time="2.748"/>
  <testcase classname="tests.AdminOrderFlowTest" name="addAndAssignUsers" time="3.264"/>
  <testcase classname="tests.AdminOrderFlowTest" name="addRemarks" time="0.772"/>
  <testcase classname="tests.AdminOrderFlowTest" name="addAttachments" time="0.74"/>
  <testcase classname="tests.AdminOrderFlowTest" name="completeStages" time="3.303"/>
  <testcase classname="tests.AdminOrderFlowTest" name="verifyCompletion" time="2.43"/>
  <testcase classname="tests.AdminOrderFlowTest" name="updateUser" time="0.202"/>
  <testcase classname="tests.AdminAssigneeOrderFlowTest" name="createOrder" time="2.666"/>
  <testcase classname="tests.AdminAssigneeOrderFlowTest" name="splitOrder" time="0.129"/>
  <testcase classname="tests.AdminAssigneeOrderFlowTest" name="updateTAT" time="2.299"/>
  <testcase classname="tests.AdminAssigneeOrderFlowTest" name="addAndAssignUsers" time="2.132"/>
  <testcase classname="tests.AdminAssigneeOrderFlowTest" name="addRemarks" time="0.724"/>
  <testcase classname="tests.AdminAssigneeOrderFlowTest" name="addAttachments" time="0.695"/>
  <testcase classname="tests.AdminAssigneeOrderFlowTest" name="switchToAssignedUser" time="0.419"/>
  <testcase classname="tests.AdminAssigneeOrderFlowTest" name="termAndConditionAssignedUser" time="0.185"/>
  <testcase classname="tests.AdminAssigneeOrderFlowTest" name="completeStagesWithRemarksAndAttachments" time="10.141"/>
  <testcase classname="tests.AdminMultipleAssigneeOrderFlowTest" name="createOrder" time="2.588"/>
  <testcase classname="tests.AdminMultipleAssigneeOrderFlowTest" name="splitOrder" time="0.122"/>
  <testcase classname="tests.AdminMultipleAssigneeOrderFlowTest" name="updateTAT" time="2.263"/>
  <testcase classname="tests.AdminMultipleAssigneeOrderFlowTest" name="createAndAssignMultipleUsers" time="5.211"/>
  <testcase classname="tests.AdminMultipleAssigneeOrderFlowTest" name="addRemarks" time="0.77"/>
  <testcase classname="tests.AdminMultipleAssigneeOrderFlowTest" name="addAttachments" time="0.89"/>
  <testcase classname="tests.AdminMultipleAssigneeOrderFlowTest" name="acceptTermsForAllUsers" time="1.717"/>
  <testcase classname="tests.AdminMultipleAssigneeOrderFlowTest" name="performStageActionsAsMultipleUsers" time="17.588"/>
  <testcase classname="tests.AdminSplitOrderFlowTest" name="createOrder" time="0.55"/>
  <testcase classname="tests.AdminSplitOrderFlowTest" name="downloadcompleteOnTimeReportTest" time="0.16"/>
  <testcase classname="tests.AdminSplitOrderFlowTest" name="downloadcompleteWithDelayReportTest" time="0.165"/>
  <testcase classname="tests.AdminSplitOrderFlowTest" name="splitOrder" time="0.907"/>
  <testcase classname="tests.AdminSplitOrderFlowTest" name="updateTAT" time="0.23"/>
  <testcase classname="tests.AdminSplitOrderFlowTest" name="addAndAssignUsers" time="2.373"/>
  <testcase classname="tests.AdminSplitOrderFlowTest" name="addRemarks" time="0.653"/>
  <testcase classname="tests.AdminSplitOrderFlowTest" name="completeStages" time="1.235"/>
  <testcase classname="tests.AdminSplitOrderFlowTest" name="addAttachments" time="0.691"/>
  <testcase classname="tests.AdminSplitOrderFlowTest" name="verifyCompletion" time="2.376"/>
  <testcase classname="tests.AdminOrderRejectFlowTest" name="createOrder" time="2.523"/>
  <testcase classname="tests.AdminOrderRejectFlowTest" name="splitOrder" time="0.119"/>
  <testcase classname="tests.AdminOrderRejectFlowTest" name="updateTAT" time="2.28"/>
  <testcase classname="tests.AdminOrderRejectFlowTest" name="addAndAssignUsers" time="2.095"/>
  <testcase classname="tests.AdminOrderRejectFlowTest" name="completeStages" time="2.359"/>
  <testcase classname="tests.AdminOrderRejectFlowTest" name="verifyRejectOrder" time="2.186"/>
</testsuite> <!-- Multiple Order Flow Test -->
