<?xml version="1.0" encoding="UTF-8"?>
<!-- Generated by org.testng.reporters.JUnitXMLReporter -->
<testsuite ignored="0" hostname="DESKTOP-38Q9L5G" failures="0" tests="9" name="Admin-Assignee Flow" time="35.863" errors="0" timestamp="2025-08-05T09:59:01 IST">
  <testcase classname="tests.AdminAssigneeOrderFlowTest" name="createOrder" time="4.266"/>
  <testcase classname="tests.AdminAssigneeOrderFlowTest" name="splitOrder" time="0.297"/>
  <testcase classname="tests.AdminAssigneeOrderFlowTest" name="updateTAT" time="5.555"/>
  <testcase classname="tests.AdminAssigneeOrderFlowTest" name="addAndAssignUsers" time="4.42"/>
  <testcase classname="tests.AdminAssigneeOrderFlowTest" name="addRemarks" time="1.008"/>
  <testcase classname="tests.AdminAssigneeOrderFlowTest" name="addAttachments" time="0.861"/>
  <testcase classname="tests.AdminAssigneeOrderFlowTest" name="switchToAssignedUser" time="0.464"/>
  <testcase classname="tests.AdminAssigneeOrderFlowTest" name="termAndConditionAssignedUser" time="0.2"/>
  <testcase classname="tests.AdminAssigneeOrderFlowTest" name="completeStagesWithRemarksAndAttachments" time="10.716"/>
</testsuite> <!-- Admin-Assignee Flow -->
