<?xml version="1.0" encoding="UTF-8"?>
<!-- Generated by org.testng.reporters.JUnitXMLReporter -->
<testsuite ignored="0" hostname="DESKTOP-38Q9L5G" failures="0" tests="8" name="Admin-Multiple-Assignee Flow" time="37.288" errors="0" timestamp="2025-07-23T12:38:06 IST">
  <testcase classname="tests.AdminMultipleAssigneeOrderFlowTest" name="createOrder" time="4.706"/>
  <testcase classname="tests.AdminMultipleAssigneeOrderFlowTest" name="splitOrder" time="0.121"/>
  <testcase classname="tests.AdminMultipleAssigneeOrderFlowTest" name="updateTAT" time="2.331"/>
  <testcase classname="tests.AdminMultipleAssigneeOrderFlowTest" name="createAndAssignMultipleUsers" time="7.392"/>
  <testcase classname="tests.AdminMultipleAssigneeOrderFlowTest" name="addRemarks" time="0.835"/>
  <testcase classname="tests.AdminMultipleAssigneeOrderFlowTest" name="addAttachments" time="0.67"/>
  <testcase classname="tests.AdminMultipleAssigneeOrderFlowTest" name="acceptTermsForAllUsers" time="1.665"/>
  <testcase classname="tests.AdminMultipleAssigneeOrderFlowTest" name="performStageActionsAsMultipleUsers" time="16.488"/>
</testsuite> <!-- Admin-Multiple-Assignee Flow -->
