<?xml version="1.0" encoding="UTF-8"?>
<!-- Generated by org.testng.reporters.JUnitXMLReporter -->
<testsuite ignored="0" hostname="DESKTOP-38Q9L5G" failures="0" tests="11" name="Admin Flow" time="23.393" errors="0" timestamp="2025-07-24T09:40:39 IST">
  <testcase classname="tests.AdminOrderFlowTest" name="createOrder" time="3.876"/>
  <testcase classname="tests.AdminOrderFlowTest" name="downloadcompleteOnTimeReportTest" time="0.755"/>
  <testcase classname="tests.AdminOrderFlowTest" name="downloadcompleteWithDelayReportTest" time="0.529"/>
  <testcase classname="tests.AdminOrderFlowTest" name="splitOrder" time="0.201"/>
  <testcase classname="tests.AdminOrderFlowTest" name="updateTAT" time="2.722"/>
  <testcase classname="tests.AdminOrderFlowTest" name="addAndAssignUsers" time="3.101"/>
  <testcase classname="tests.AdminOrderFlowTest" name="addRemarks" time="0.989"/>
  <testcase classname="tests.AdminOrderFlowTest" name="addAttachments" time="0.959"/>
  <testcase classname="tests.AdminOrderFlowTest" name="completeStages" time="3.5"/>
  <testcase classname="tests.AdminOrderFlowTest" name="verifyCompletion" time="2.567"/>
  <testcase classname="tests.AdminOrderFlowTest" name="updateUser" time="0.311"/>
</testsuite> <!-- Admin Flow -->
