<?xml version="1.0" encoding="UTF-8"?>
<!-- Generated by org.testng.reporters.JUnitXMLReporter -->
<testsuite ignored="0" hostname="DESKTOP-38Q9L5G" failures="0" tests="9" name="Admin-Assignee Flow" time="28.562" errors="0" timestamp="2025-07-24T09:40:44 IST">
  <testcase classname="tests.AdminAssigneeOrderFlowTest" name="createOrder" time="3.895"/>
  <testcase classname="tests.AdminAssigneeOrderFlowTest" name="splitOrder" time="0.165"/>
  <testcase classname="tests.AdminAssigneeOrderFlowTest" name="updateTAT" time="3.279"/>
  <testcase classname="tests.AdminAssigneeOrderFlowTest" name="addAndAssignUsers" time="3.898"/>
  <testcase classname="tests.AdminAssigneeOrderFlowTest" name="addRemarks" time="0.848"/>
  <testcase classname="tests.AdminAssigneeOrderFlowTest" name="addAttachments" time="1.142"/>
  <testcase classname="tests.AdminAssigneeOrderFlowTest" name="switchToAssignedUser" time="0.503"/>
  <testcase classname="tests.AdminAssigneeOrderFlowTest" name="termAndConditionAssignedUser" time="0.192"/>
  <testcase classname="tests.AdminAssigneeOrderFlowTest" name="completeStagesWithRemarksAndAttachments" time="10.791"/>
</testsuite> <!-- Admin-Assignee Flow -->
