<?xml version="1.0" encoding="UTF-8"?>
<!-- Generated by org.testng.reporters.JUnitXMLReporter -->
<testsuite ignored="0" hostname="DESKTOP-38Q9L5G" failures="0" tests="6" name="API - Admin Reject Flow" time="27.37" errors="0" timestamp="2025-08-05T09:58:53 IST">
  <testcase classname="tests.AdminOrderRejectFlowTest" name="createOrder" time="3.998"/>
  <testcase classname="tests.AdminOrderRejectFlowTest" name="splitOrder" time="0.172"/>
  <testcase classname="tests.AdminOrderRejectFlowTest" name="updateTAT" time="5.795"/>
  <testcase classname="tests.AdminOrderRejectFlowTest" name="addAndAssignUsers" time="4.449"/>
  <testcase classname="tests.AdminOrderRejectFlowTest" name="completeStages" time="2.574"/>
  <testcase classname="tests.AdminOrderRejectFlowTest" name="verifyRejectOrder" time="2.203"/>
</testsuite> <!-- API - Admin Reject Flow -->
